xfminvert /mnt/scratch/evans/riouxpie/GridShare/12/48/11/enikelski-Civet-T124811/civet_out/batman-20050408/transforms/linear/HCLab_batman-20050408_t1_tal.xfm /ltmp/riouxpie/cortical_thickness_9920//inv_trans.xfm
transform_objects /mnt/scratch/evans/riouxpie/GridShare/12/48/11/enikelski-Civet-T124811/civet_out/batman-20050408/surfaces/HCLab_batman-20050408_white_surface_left_calibrated_81920.obj /ltmp/riouxpie/cortical_thickness_9920//inv_trans.xfm /ltmp/riouxpie/cortical_thickness_9920//white_trans.obj
transform_objects /mnt/scratch/evans/riouxpie/GridShare/12/48/11/enikelski-Civet-T124811/civet_out/batman-20050408/surfaces/HCLab_batman-20050408_gray_surface_left_81920.obj /ltmp/riouxpie/cortical_thickness_9920//inv_trans.xfm /ltmp/riouxpie/cortical_thickness_9920//gray_trans.obj
average_surfaces /ltmp/riouxpie/cortical_thickness_9920//midSurface.obj none none 1 /ltmp/riouxpie/cortical_thickness_9920//white_trans.obj /ltmp/riouxpie/cortical_thickness_9920//gray_trans.obj
1:  /ltmp/riouxpie/cortical_thickness_9920//white_trans.obj
2:  /ltmp/riouxpie/cortical_thickness_9920//gray_trans.obj
Objects output.
dump_rms /ltmp/riouxpie/cortical_thickness_9920//white_trans.obj /ltmp/riouxpie/cortical_thickness_9920//gray_trans.obj /mnt/scratch/evans/riouxpie/GridShare/12/48/11/enikelski-Civet-T124811/civet_out/batman-20050408/thickness/HCLab_batman-20050408_native_rms_tlink_20mm_left.txt
Rms over the 40962 points: 2.81462
Average           dist: 2.67888
Std dev           dist: 0.863566
Min               dist: 0.0676427
Max               dist: 7.81922
diffuse -kernel 20 -iterations 1000 -parametric 1 /ltmp/riouxpie/cortical_thickness_9920//midSurface.obj /mnt/scratch/evans/riouxpie/GridShare/12/48/11/enikelski-Civet-T124811/civet_out/batman-20050408/thickness/HCLab_batman-20050408_native_rms_tlink_20mm_left.txt /ltmp/riouxpie/cortical_thickness_9920//thickness_blurred.mnc
Iter 0  #clipped = 6380
Iter 50  #clipped = 80273
Iter 100  #clipped = 40091
Iter 150  #clipped = 28886
Iter 200  #clipped = 23551
Iter 250  #clipped = 19911
Iter 300  #clipped = 17265
Iter 350  #clipped = 14913
Iter 400  #clipped = 13276
Iter 450  #clipped = 12378
Iter 500  #clipped = 11400
Iter 550  #clipped = 10959
Iter 600  #clipped = 10211
Iter 650  #clipped = 9734
Iter 700  #clipped = 9034
Iter 750  #clipped = 8497
Iter 800  #clipped = 7928
Iter 850  #clipped = 7782
Iter 900  #clipped = 7958
Iter 950  #clipped = 7699
mv -f /ltmp/riouxpie/cortical_thickness_9920//thickness_blurred.mnc /mnt/scratch/evans/riouxpie/GridShare/12/48/11/enikelski-Civet-T124811/civet_out/batman-20050408/thickness/HCLab_batman-20050408_native_rms_tlink_20mm_left.txt
Elapsed time in cortical_thickness (9920) and children:
3.39 sec (user) + 0.09 sec (system) = 3.48 sec (total)
