84478
81644
78346
74702
71070
Processing:.....................................................................................................................................................................................Done
Processing:.....................................................................................................................................................................................Done
Making byte volume...
Processing:.....................................................................................................................................................................................Done
Kept total of 653465 voxels of label 3
Removed total of 1096 voxels of label 3
Making byte volume...
Processing:.....................................................................................................................................................................................Done
Processing:.....................................................................................................................................................................................Done
Processing:.....................................................................................................................................................................................Done
Transforming slices:.....................................................................................................................................................................................Done
Transforming slices:.....................................................................................................................................................................................Done
Transforming slices:.....................................................................................................................................................................................Done
Transforming slices:.....................................................................................................................................................................................Done
Processing:.....................................................................................................................................................................................Done
Processing:.....................................................................................................................................................................................Done
Kept total of 329517 voxels of label 1
Removed total of 70 voxels of label 1
Kept total of 324173 voxels of label 1
Removed total of 70 voxels of label 1
Processing:.....................................................................................................................................................................................Done
Processing:.....................................................................................................................................................................................Done
Transforming slices:.....................................................................................................................................................................................Done
Transforming slices:.....................................................................................................................................................................................Done
Transforming slices:.....................................................................................................................................................................................Done
Kept total of 329079 voxels of label 1
Removed total of 446 voxels of label 1
Kept total of 323721 voxels of label 1
Removed total of 463 voxels of label 1
