Transforming slices:.....................................................................................................................................................................................Done
Reading volume /mnt/scratch/evans/riouxpie/GridShare/12/48/11/enikelski-Civet-T124811/civet_out/batman-20050408/final/HCLab_batman-20050408_t1_final.mnc....................................................................................................................................................................................Done
Reading volume /ltmp/riouxpie/best1stepnlreg.pl-V2rBRces/Ticbm_avg_152_t1_tal_nlin_symmetric_VI_inorm.mncDone
Considering 7109137 voxels (100% of total)
Selected normalization: medianOfRatios
Converting volume.....................................................................................................................................................................................Done
Converting volume.....................................................................................................................................................................................Done
Normalizing (0.732616, 0)
CPU time elapsed in inormalize: 1.943
SYS time elapsed in inormalize: 0.098
USR time elapsed in inormalize: 2.047
Processing:.....................................................................................................................................................................................Done
Processing:.................................................................................................................................................................................................Done
-+-[0]
 | step:           32
 | blur_fwhm:      16
 | iterations:     20
 | source:         /ltmp/riouxpie/best1stepnlreg.pl-V2rBRces/SHCLab_batman-20050408_t1_final_16
 | target:         /ltmp/riouxpie/best1stepnlreg.pl-V2rBRces/Ticbm_avg_152_t1_tal_nlin_symmetric_VI_16
 | xfm:            /ltmp/riouxpie/best1stepnlreg.pl-V2rBRces/SHCLab_batman-20050408_t1_final_0.xfm

Making byte volume...
Blurring volume: ..............................................................
Making byte volume...
inside do_nonlinear: thresh:     0.0000     0.0000
Iteration  1 of 20
Iteration  2 of 20
Iteration  3 of 20
Iteration  4 of 20
Iteration  5 of 20
Iteration  6 of 20
Iteration  7 of 20
Iteration  8 of 20
Iteration  9 of 20
Iteration 10 of 20
Iteration 11 of 20
Iteration 12 of 20
Iteration 13 of 20
Iteration 14 of 20
Iteration 15 of 20
Iteration 16 of 20
Iteration 17 of 20
Iteration 18 of 20
Iteration 19 of 20
Iteration 20 of 20
Initial objective function val = 0.00720261
Final objective function value = 0.00540449
-+-[1]
 | step:           16
 | blur_fwhm:      8
 | iterations:     20
 | source:         /ltmp/riouxpie/best1stepnlreg.pl-V2rBRces/SHCLab_batman-20050408_t1_final_8
 | target:         /ltmp/riouxpie/best1stepnlreg.pl-V2rBRces/Ticbm_avg_152_t1_tal_nlin_symmetric_VI_8
 | xfm:            /ltmp/riouxpie/best1stepnlreg.pl-V2rBRces/SHCLab_batman-20050408_t1_final_1.xfm

Making byte volume...
Making byte volume...
inside do_nonlinear: thresh:     0.0000     0.0000
Iteration  1 of 20
Iteration  2 of 20
Iteration  3 of 20
Iteration  4 of 20
Iteration  5 of 20
Iteration  6 of 20
Iteration  7 of 20
Iteration  8 of 20
Iteration  9 of 20
Iteration 10 of 20
Iteration 11 of 20
Iteration 12 of 20
Iteration 13 of 20
Iteration 14 of 20
Iteration 15 of 20
Iteration 16 of 20
Iteration 17 of 20
Iteration 18 of 20
Iteration 19 of 20
Iteration 20 of 20
Initial objective function val = 0.00856338
Final objective function value = 0.00678746
-+-[2]
 | step:           12
 | blur_fwhm:      6
 | iterations:     20
 | source:         /ltmp/riouxpie/best1stepnlreg.pl-V2rBRces/SHCLab_batman-20050408_t1_final_6
 | target:         /ltmp/riouxpie/best1stepnlreg.pl-V2rBRces/Ticbm_avg_152_t1_tal_nlin_symmetric_VI_6
 | xfm:            /ltmp/riouxpie/best1stepnlreg.pl-V2rBRces/SHCLab_batman-20050408_t1_final_2.xfm

Making byte volume...
Making byte volume...
inside do_nonlinear: thresh:     0.0000     0.0000
Iteration  1 of 20
Iteration  2 of 20
Iteration  3 of 20
Iteration  4 of 20
Iteration  5 of 20
Iteration  6 of 20
Iteration  7 of 20
Iteration  8 of 20
Iteration  9 of 20
Iteration 10 of 20
Iteration 11 of 20
Iteration 12 of 20
Iteration 13 of 20
Iteration 14 of 20
Iteration 15 of 20
Iteration 16 of 20
Iteration 17 of 20
Iteration 18 of 20
Iteration 19 of 20
Iteration 20 of 20
Initial objective function val = 0.01070873
Final objective function value = 0.00941526
-+-[3]
 | step:           8
 | blur_fwhm:      4
 | iterations:     20
 | source:         /ltmp/riouxpie/best1stepnlreg.pl-V2rBRces/SHCLab_batman-20050408_t1_final_4
 | target:         /ltmp/riouxpie/best1stepnlreg.pl-V2rBRces/Ticbm_avg_152_t1_tal_nlin_symmetric_VI_4
 | xfm:            /ltmp/riouxpie/best1stepnlreg.pl-V2rBRces/SHCLab_batman-20050408_t1_final_3.xfm

Making byte volume...
Making byte volume...
inside do_nonlinear: thresh:     0.0000     0.0000
Iteration  1 of 20
Iteration  2 of 20
Iteration  3 of 20
Iteration  4 of 20
Iteration  5 of 20
Iteration  6 of 20
Iteration  7 of 20
Iteration  8 of 20
Iteration  9 of 20
Iteration 10 of 20
Iteration 11 of 20
Iteration 12 of 20
Iteration 13 of 20
Iteration 14 of 20
Iteration 15 of 20
Iteration 16 of 20
Iteration 17 of 20
Iteration 18 of 20
Iteration 19 of 20
Iteration 20 of 20
Initial objective function val = 0.01366174
Final objective function value = 0.01100307
-+-[4]
 | step:           6
 | blur_fwhm:      3
 | iterations:     20
 | source:         /ltmp/riouxpie/best1stepnlreg.pl-V2rBRces/SHCLab_batman-20050408_t1_final_3
 | target:         /ltmp/riouxpie/best1stepnlreg.pl-V2rBRces/Ticbm_avg_152_t1_tal_nlin_symmetric_VI_3
 | xfm:            /ltmp/riouxpie/best1stepnlreg.pl-V2rBRces/SHCLab_batman-20050408_t1_final_4.xfm

Making byte volume...
Making byte volume...
inside do_nonlinear: thresh:     0.0000     0.0000
Iteration  1 of 20
Iteration  2 of 20
Iteration  3 of 20
Iteration  4 of 20
Iteration  5 of 20
Iteration  6 of 20
Iteration  7 of 20
Iteration  8 of 20
Iteration  9 of 20
Iteration 10 of 20
Iteration 11 of 20
Iteration 12 of 20
Iteration 13 of 20
Iteration 14 of 20
Iteration 15 of 20
Iteration 16 of 20
Iteration 17 of 20
Iteration 18 of 20
Iteration 19 of 20
Iteration 20 of 20
Initial objective function val = 0.01383367
Final objective function value = 0.01178132
-+-[5]
 | step:           4
 | blur_fwhm:      2
 | iterations:     10
 | source:         /ltmp/riouxpie/best1stepnlreg.pl-V2rBRces/SHCLab_batman-20050408_t1_final_2
 | target:         /ltmp/riouxpie/best1stepnlreg.pl-V2rBRces/Ticbm_avg_152_t1_tal_nlin_symmetric_VI_2
 | xfm:            /ltmp/riouxpie/best1stepnlreg.pl-V2rBRces/SHCLab_batman-20050408_t1_final_5.xfm

Making byte volume...
Making byte volume...
inside do_nonlinear: thresh:     0.0000     0.0000
Iteration  1 of 10
Estimating deformations: ......................................................
Iteration  2 of 10
Estimating deformations: ......................................................
Iteration  3 of 10
Iteration  4 of 10
Iteration  5 of 10
Iteration  6 of 10
Iteration  7 of 10
Estimating deformations: ......................................................
Iteration  8 of 10
Estimating deformations: ......................................................
Iteration  9 of 10
Iteration 10 of 10
Initial objective function val = 0.01487803
Final objective function value = 0.01222529
