[calibrate_white] [riouxpie@cs088:/mnt/scratch/evans/riouxpie/GridShare/12/48/11/enikelski-Civet-T124811] [2011-12-27 18:55:50] /home/riouxpie/tools/CIVET/Feb-2010-a/bin/mincresample -like /mnt/scratch/evans/riouxpie/GridShare/12/48/11/enikelski-Civet-T124811/civet_out/batman-20050408/final/HCLab_batman-20050408_t1_final.mnc /mnt/scratch/evans/riouxpie/GridShare/12/48/11/enikelski-Civet-T124811/civet_out/batman-20050408/temp/HCLab_batman-20050408_final_classify.mnc /ltmp/riouxpie/calibrate_white_614//cls.mnc
Transforming slices:.....................................................................................................................................................................................Done
[calibrate_white] [riouxpie@cs088:/mnt/scratch/evans/riouxpie/GridShare/12/48/11/enikelski-Civet-T124811] [2011-12-27 18:55:51] /home/riouxpie/tools/CIVET/Feb-2010-a/bin/minccalc -expression 'out=1;' /ltmp/riouxpie/calibrate_white_614//cls.mnc /ltmp/riouxpie/calibrate_white_614//filledImage.mnc
Processing:.....................................................................................................................................................................................Done
[calibrate_white] [riouxpie@cs088:/mnt/scratch/evans/riouxpie/GridShare/12/48/11/enikelski-Civet-T124811] [2011-12-27 18:55:51] /home/riouxpie/tools/CIVET/Feb-2010-a/bin/surface_mask2 -binary /ltmp/riouxpie/calibrate_white_614//filledImage.mnc /mnt/scratch/evans/riouxpie/GridShare/12/48/11/enikelski-Civet-T124811/civet_out/batman-20050408/surfaces/HCLab_batman-20050408_white_surface_left_81920.obj /ltmp/riouxpie/calibrate_white_614//mask.mnc
[calibrate_white] [riouxpie@cs088:/mnt/scratch/evans/riouxpie/GridShare/12/48/11/enikelski-Civet-T124811] [2011-12-27 18:55:53] /home/riouxpie/tools/CIVET/Feb-2010-a/bin/dilate_volume /ltmp/riouxpie/calibrate_white_614//mask.mnc /ltmp/riouxpie/calibrate_white_614//mask_dil.mnc 1 26 1
155731
[calibrate_white] [riouxpie@cs088:/mnt/scratch/evans/riouxpie/GridShare/12/48/11/enikelski-Civet-T124811] [2011-12-27 18:55:54] /home/riouxpie/tools/CIVET/Feb-2010-a/bin/mincresample -like /ltmp/riouxpie/calibrate_white_614//cls.mnc /ltmp/riouxpie/calibrate_white_614//mask_dil.mnc /ltmp/riouxpie/calibrate_white_614//mask_tmp.mnc
Transforming slices:.....................................................................................................................................................................................Done
[calibrate_white] [riouxpie@cs088:/mnt/scratch/evans/riouxpie/GridShare/12/48/11/enikelski-Civet-T124811] [2011-12-27 18:55:54] /bin/mv -f /ltmp/riouxpie/calibrate_white_614//mask_tmp.mnc /ltmp/riouxpie/calibrate_white_614//mask_dil.mnc
[calibrate_white] [riouxpie@cs088:/mnt/scratch/evans/riouxpie/GridShare/12/48/11/enikelski-Civet-T124811] [2011-12-27 18:55:54] /home/riouxpie/tools/CIVET/Feb-2010-a/bin/mincresample -like /ltmp/riouxpie/calibrate_white_614//cls.mnc /mnt/scratch/evans/riouxpie/GridShare/12/48/11/enikelski-Civet-T124811/civet_out/batman-20050408/temp/HCLab_batman-20050408_csf_skel.mnc /ltmp/riouxpie/calibrate_white_614//csf_skel.mnc
Transforming slices:.....................................................................................................................................................................................Done
[calibrate_white] [riouxpie@cs088:/mnt/scratch/evans/riouxpie/GridShare/12/48/11/enikelski-Civet-T124811] [2011-12-27 18:55:55] /home/riouxpie/tools/CIVET/Feb-2010-a/bin/minccalc -expression 'if(A[1]>0){out=1;}else{out=A[0];}' /ltmp/riouxpie/calibrate_white_614//cls.mnc /ltmp/riouxpie/calibrate_white_614//csf_skel.mnc /ltmp/riouxpie/calibrate_white_614//cls_fix.mnc
Processing:.....................................................................................................................................................................................Done
[calibrate_white] [riouxpie@cs088:/mnt/scratch/evans/riouxpie/GridShare/12/48/11/enikelski-Civet-T124811] [2011-12-27 18:55:56] /home/riouxpie/tools/CIVET/Feb-2010-a/bin/minccalc -expression 'if(A[0]>2){out=2;}else if(A[0]<1){out=1;}else{out=A[0];}' /ltmp/riouxpie/calibrate_white_614//cls_fix.mnc /ltmp/riouxpie/calibrate_white_614//cls_gm.mnc
Processing:.....................................................................................................................................................................................Done
[calibrate_white] [riouxpie@cs088:/mnt/scratch/evans/riouxpie/GridShare/12/48/11/enikelski-Civet-T124811] [2011-12-27 18:55:56] /home/riouxpie/tools/CIVET/Feb-2010-a/bin/mincmorph -clobber -convolve -kernel /ltmp/riouxpie/calibrate_white_614//dx.kern /ltmp/riouxpie/calibrate_white_614//cls_gm.mnc /ltmp/riouxpie/calibrate_white_614//dx.mnc
[calibrate_white] [riouxpie@cs088:/mnt/scratch/evans/riouxpie/GridShare/12/48/11/enikelski-Civet-T124811] [2011-12-27 18:55:57] /home/riouxpie/tools/CIVET/Feb-2010-a/bin/mincmorph -clobber -convolve -kernel /ltmp/riouxpie/calibrate_white_614//dy.kern /ltmp/riouxpie/calibrate_white_614//cls_gm.mnc /ltmp/riouxpie/calibrate_white_614//dy.mnc
[calibrate_white] [riouxpie@cs088:/mnt/scratch/evans/riouxpie/GridShare/12/48/11/enikelski-Civet-T124811] [2011-12-27 18:55:58] /home/riouxpie/tools/CIVET/Feb-2010-a/bin/mincmorph -clobber -convolve -kernel /ltmp/riouxpie/calibrate_white_614//dz.kern /ltmp/riouxpie/calibrate_white_614//cls_gm.mnc /ltmp/riouxpie/calibrate_white_614//dz.mnc
[calibrate_white] [riouxpie@cs088:/mnt/scratch/evans/riouxpie/GridShare/12/48/11/enikelski-Civet-T124811] [2011-12-27 18:55:59] /home/riouxpie/tools/CIVET/Feb-2010-a/bin/minccalc -clobber -expression 'out=sqrt(A[0]*A[0]+A[1]*A[1]+A[2]*A[2])/2;' /ltmp/riouxpie/calibrate_white_614//dx.mnc /ltmp/riouxpie/calibrate_white_614//dy.mnc /ltmp/riouxpie/calibrate_white_614//dz.mnc /ltmp/riouxpie/calibrate_white_614//cls_gm_gradient.mnc
Processing:.....................................................................................................................................................................................Done
[calibrate_white] [riouxpie@cs088:/mnt/scratch/evans/riouxpie/GridShare/12/48/11/enikelski-Civet-T124811] [2011-12-27 18:56:01] /home/riouxpie/tools/CIVET/Feb-2010-a/bin/minccalc -clobber -expression 'if(A[0]>0.01){out=1;}else{out=0;}' /ltmp/riouxpie/calibrate_white_614//cls_gm_gradient.mnc /ltmp/riouxpie/calibrate_white_614//cls_gradient_tmp.mnc
Processing:.....................................................................................................................................................................................Done
[calibrate_white] [riouxpie@cs088:/mnt/scratch/evans/riouxpie/GridShare/12/48/11/enikelski-Civet-T124811] [2011-12-27 18:56:01] /home/riouxpie/tools/CIVET/Feb-2010-a/bin/mincblur -clobber -fwhm 1 /ltmp/riouxpie/calibrate_white_614//cls_gradient_tmp.mnc /ltmp/riouxpie/calibrate_white_614//cls_gm_1
Making byte volume...
[calibrate_white] [riouxpie@cs088:/mnt/scratch/evans/riouxpie/GridShare/12/48/11/enikelski-Civet-T124811] [2011-12-27 18:56:05] /home/riouxpie/tools/CIVET/Feb-2010-a/bin/mincmorph -clobber -convolve -kernel /ltmp/riouxpie/calibrate_white_614//dx.kern /mnt/scratch/evans/riouxpie/GridShare/12/48/11/enikelski-Civet-T124811/civet_out/batman-20050408/final/HCLab_batman-20050408_t1_final.mnc /ltmp/riouxpie/calibrate_white_614//dx.mnc
[calibrate_white] [riouxpie@cs088:/mnt/scratch/evans/riouxpie/GridShare/12/48/11/enikelski-Civet-T124811] [2011-12-27 18:56:06] /home/riouxpie/tools/CIVET/Feb-2010-a/bin/mincmorph -clobber -convolve -kernel /ltmp/riouxpie/calibrate_white_614//dy.kern /mnt/scratch/evans/riouxpie/GridShare/12/48/11/enikelski-Civet-T124811/civet_out/batman-20050408/final/HCLab_batman-20050408_t1_final.mnc /ltmp/riouxpie/calibrate_white_614//dy.mnc
[calibrate_white] [riouxpie@cs088:/mnt/scratch/evans/riouxpie/GridShare/12/48/11/enikelski-Civet-T124811] [2011-12-27 18:56:08] /home/riouxpie/tools/CIVET/Feb-2010-a/bin/mincmorph -clobber -convolve -kernel /ltmp/riouxpie/calibrate_white_614//dz.kern /mnt/scratch/evans/riouxpie/GridShare/12/48/11/enikelski-Civet-T124811/civet_out/batman-20050408/final/HCLab_batman-20050408_t1_final.mnc /ltmp/riouxpie/calibrate_white_614//dz.mnc
[calibrate_white] [riouxpie@cs088:/mnt/scratch/evans/riouxpie/GridShare/12/48/11/enikelski-Civet-T124811] [2011-12-27 18:56:10] /home/riouxpie/tools/CIVET/Feb-2010-a/bin/minccalc -clobber -expression 'out=sqrt(A[0]*A[0]+A[1]*A[1]+A[2]*A[2])/2;' /ltmp/riouxpie/calibrate_white_614//dx.mnc /ltmp/riouxpie/calibrate_white_614//dy.mnc /ltmp/riouxpie/calibrate_white_614//dz.mnc /ltmp/riouxpie/calibrate_white_614//gradient.mnc
Processing:.....................................................................................................................................................................................Done
[calibrate_white] [riouxpie@cs088:/mnt/scratch/evans/riouxpie/GridShare/12/48/11/enikelski-Civet-T124811] [2011-12-27 18:56:12] /home/riouxpie/tools/CIVET/Feb-2010-a/bin/minccalc -expression 'if(A[0]>0.01 || A[2]==0){out=0;}else{out=A[1];}' /ltmp/riouxpie/calibrate_white_614//cls_gm_1_blur.mnc /ltmp/riouxpie/calibrate_white_614//gradient.mnc /ltmp/riouxpie/calibrate_white_614//mask_dil.mnc /ltmp/riouxpie/calibrate_white_614//gradient_parm.mnc
Processing:.....................................................................................................................................................................................Done
[calibrate_white] [riouxpie@cs088:/mnt/scratch/evans/riouxpie/GridShare/12/48/11/enikelski-Civet-T124811] [2011-12-27 18:56:14] /home/riouxpie/tools/CIVET/Feb-2010-a/bin/surface_mask2 /ltmp/riouxpie/calibrate_white_614//gradient_parm.mnc /mnt/scratch/evans/riouxpie/GridShare/12/48/11/enikelski-Civet-T124811/civet_out/batman-20050408/surfaces/HCLab_batman-20050408_white_surface_left_81920.obj /ltmp/riouxpie/calibrate_white_614//gradient_masked.mnc
[calibrate_white] [riouxpie@cs088:/mnt/scratch/evans/riouxpie/GridShare/12/48/11/enikelski-Civet-T124811] [2011-12-27 18:56:15] /home/riouxpie/tools/CIVET/Feb-2010-a/bin/minccalc -expression 'if(A[1]>0){out=A[0];}else{out=0;}' /ltmp/riouxpie/calibrate_white_614//cls.mnc /ltmp/riouxpie/calibrate_white_614//mask_dil.mnc /ltmp/riouxpie/calibrate_white_614//cls_tmp.mnc
Processing:.....................................................................................................................................................................................Done
[calibrate_white] [riouxpie@cs088:/mnt/scratch/evans/riouxpie/GridShare/12/48/11/enikelski-Civet-T124811] [2011-12-27 18:56:16] /bin/mv -f /ltmp/riouxpie/calibrate_white_614//cls_tmp.mnc /ltmp/riouxpie/calibrate_white_614//cls.mnc
[calibrate_white] [riouxpie@cs088:/mnt/scratch/evans/riouxpie/GridShare/12/48/11/enikelski-Civet-T124811] [2011-12-27 18:56:17] /home/riouxpie/tools/CIVET/Feb-2010-a/bin/surface_fit -surface /mnt/scratch/evans/riouxpie/GridShare/12/48/11/enikelski-Civet-T124811/civet_out/batman-20050408/surfaces/HCLab_batman-20050408_white_surface_left_81920.obj /mnt/scratch/evans/riouxpie/GridShare/12/48/11/enikelski-Civet-T124811/civet_out/batman-20050408/surfaces/HCLab_batman-20050408_white_surface_left_calibrated_81920.obj -stretch 2 /mnt/scratch/evans/riouxpie/GridShare/12/48/11/enikelski-Civet-T124811/civet_out/batman-20050408/surfaces/HCLab_batman-20050408_white_surface_left_81920.obj -.9 0 0 0 -boundary 100 1 /ltmp/riouxpie/calibrate_white_614//cls.mnc 2.5 - 3 50 0 0 1 -self_intersect 1 0.75 -self_intersect 10 0.667777777777778 -self_intersect 100 0.585555555555556 -self_intersect 1000 0.503333333333333 -self_intersect 10000 0.421111111111111 -self_intersect 100000 0.338888888888889 -self_intersect 1000000 0.256666666666667 -self_intersect 10000000 0.174444444444445 -self_intersect 100000000 0.0922222222222222 -self_intersect 1e8 0.01 -print_deriv -step 1 -fitting 300 5 1e-03 -ftol 1e-06 -stop 0.03 10 -gradient 0.503164082525427 /ltmp/riouxpie/calibrate_white_614//gradient_parm.mnc 0 0.922648 0 0.922648 1 0 1
Surface 0:  Using model /mnt/scratch/evans/riouxpie/GridShare/12/48/11/enikelski-Civet-T124811/civet_out/batman-20050408/surfaces/HCLab_batman-20050408_white_surface_left_81920.obj scaled by 0.9 for stretch lengths
Initial:             3404.92  B:10.57 G:3394 S:0.02469 I:0.008065 (0.4793)
                      Deriv:  B:0.051 G:76 S:0.00073 I:0.015
Iter    1: 3105.01 	 B:10.59 G:3094 S:0.02501 I:0.01806 (0.4031)
                      Deriv:  B:0.052 G:38 S:0.00076 I:0.083
Iter    2: 2915.50 	 B:10.63 G:2905 S:0.02589 I:0.1064 (0.3189)
                      Deriv:  B:0.053 G:24 S:0.00084 I:0.82
Iter    3: 2842.23 	 B:10.66 G:2831 S:0.02653 I:0.1505 (0.3252)
                      Deriv:  B:0.053 G:19 S:0.0009 I:1.6
Iter    4: 2787.89 	 B:10.69 G:2777 S:0.02723 I:0.2384 (0.3284)
                      Deriv:  B:0.054 G:14 S:0.00095 I:1.6
Iter    5: 2739.48 	 B:10.73 G:2725 S:0.02833 I:3.686 (0.158)
                      Deriv:  B:0.057 G:9.8 S:0.001 I:1.1e+02
Iter    6: 2723.09 	 B:10.74 G:2707 S:0.02949 I:5.346 (0.1572)
                      Deriv:  B:0.06 G:8.5 S:0.0011 I:50
Iter    7: 2712.21 	 B:10.8 G:2698 S:0.03053 I:3.268 (0.1818)
                      Deriv:  B:0.062 G:7.7 S:0.0012 I:15
Iter    8: 2704.41 	 B:10.83 G:2692 S:0.03085 I:1.186 (0.217)
                      Deriv:  B:0.063 G:6.9 S:0.0012 I:12
Iter    9: 2698.97 	 B:10.84 G:2687 S:0.03114 I:0.6939 (0.2531)
                      Deriv:  B:0.064 G:7.1 S:0.0012 I:3.3
Iter   10: 2691.47 	 B:10.86 G:2680 S:0.03135 I:0.4017 (0.2558)
                      Deriv:  B:0.065 G:5.8 S:0.0012 I:1.4
Iter   11: 2684.00 	 B:10.76 G:2673 S:0.03159 I:0.3735 (0.3033)
                      Deriv:  B:0.065 G:6.4 S:0.0012 I:1.8
Iter   12: 2680.80 	 B:10.77 G:2670 S:0.03173 I:0.3411 (0.281)
                      Deriv:  B:0.066 G:3.4 S:0.0012 I:1.6
Iter   13: 2677.20 	 B:10.78 G:2666 S:0.03186 I:0.5235 (0.2355)
                      Deriv:  B:0.066 G:2.7 S:0.0012 I:6.1
Iter   14: 2675.51 	 B:10.79 G:2664 S:0.03202 I:0.4903 (0.2437)
                      Deriv:  B:0.066 G:3.2 S:0.0013 I:6.7
Iter   15: 2674.04 	 B:10.8 G:2663 S:0.03221 I:0.5142 (0.2489)
                      Deriv:  B:0.067 G:3.7 S:0.0013 I:7.3
Iter   16: 2672.75 	 B:10.84 G:2661 S:0.03239 I:0.4963 (0.2339)
                      Deriv:  B:0.067 G:3.4 S:0.0013 I:4.4
Iter   17: 2671.49 	 B:10.85 G:2660 S:0.03258 I:0.396 (0.2114)
                      Deriv:  B:0.068 G:1.9 S:0.0013 I:3.7
Iter   18: 2670.41 	 B:10.86 G:2659 S:0.03273 I:0.1727 (0.3133)
                      Deriv:  B:0.068 G:1.9 S:0.0013 I:1.3
Iter   19: 2669.55 	 B:10.86 G:2658 S:0.03277 I:0.2195 (0.2525)
                      Deriv:  B:0.068 G:1.1 S:0.0013 I:2.5
Iter   20: 2669.05 	 B:10.86 G:2658 S:0.03283 I:0.1775 (0.2831)
                      Deriv:  B:0.068 G:2.1 S:0.0013 I:1.6
Iter   21: 2668.16 	 B:10.89 G:2657 S:0.03292 I:0.1832 (0.2706)
                      Deriv:  B:0.068 G:1.2 S:0.0013 I:5.7
Iter   22: 2667.90 	 B:10.89 G:2657 S:0.03298 I:0.1386 (0.296)
                      Deriv:  B:0.069 G:0.87 S:0.0013 I:1.3
Iter   23: 2667.83 	 B:10.89 G:2657 S:0.03294 I:0.07965 (0.3746)
                      Deriv:  B:0.068 G:0.87 S:0.0013 I:0.16
Iter   24: 2667.68 	 B:10.89 G:2657 S:0.03294 I:0.1198 (0.2885)
                      Deriv:  B:0.068 G:0.58 S:0.0013 I:1.2
Iter   25: 2667.24 	 B:10.88 G:2656 S:0.03295 I:0.08369 (0.3187)
                      Deriv:  B:0.068 G:1.8 S:0.0013 I:0.63
Iter   26: 2666.69 	 B:10.88 G:2656 S:0.03298 I:0.09971 (0.2958)
                      Deriv:  B:0.068 G:1.3 S:0.0013 I:1.1
Iter   27: 2666.14 	 B:10.88 G:2655 S:0.03301 I:0.0528 (0.4057)
                      Deriv:  B:0.068 G:0.91 S:0.0013 I:0.076
Iter   28: 2665.77 	 B:10.88 G:2655 S:0.03303 I:0.05015 (0.4106)
                      Deriv:  B:0.068 G:0.13 S:0.0013 I:0.098
Iter   29: 2665.77 	 B:10.88 G:2655 S:0.03301 I:0.04647 (0.4112)
                      Deriv:  B:0.068 G:0.12 S:0.0013 I:0.057
Iter   30: 2665.76 	 B:10.87 G:2655 S:0.03298 I:0.04194 (0.4123)
                      Deriv:  B:0.067 G:0.34 S:0.0013 I:0.051
Iter   31: 2665.76 	 B:10.87 G:2655 S:0.03293 I:0.03896 (0.4119)
                      Deriv:  B:0.067 G:0.28 S:0.0013 I:0.13
Iter   32: 2665.74 	 B:10.85 G:2655 S:0.03288 I:0.04548 (0.3581)
                      Deriv:  B:0.065 G:0.91 S:0.0013 I:0.53
Iter   33: 2665.71 	 B:10.83 G:2655 S:0.03284 I:0.05914 (0.3403)
                      Deriv:  B:0.064 G:0.97 S:0.0013 I:0.65
Iter   34: 2665.46 	 B:10.81 G:2655 S:0.03282 I:0.06546 (0.3299)
                      Deriv:  B:0.063 G:0.9 S:0.0013 I:0.57
Iter   35: 2665.43 	 B:10.81 G:2654 S:0.03282 I:0.08996 (0.2902)
                      Deriv:  B:0.063 G:0.77 S:0.0013 I:1.2
Iter   36: 2665.29 	 B:10.82 G:2654 S:0.0328 I:0.03828 (0.3795)
                      Deriv:  B:0.063 G:0.34 S:0.0013 I:0.45
Iter   37: 2665.25 	 B:10.81 G:2654 S:0.03279 I:0.02748 (0.4131)
                      Deriv:  B:0.062 G:0.11 S:0.0013 I:0.04
Iter   38: 2665.23 	 B:10.79 G:2654 S:0.03275 I:0.02559 (0.4162)
                      Deriv:  B:0.061 G:0.22 S:0.0013 I:0.1
Iter   39: 2665.22 	 B:10.78 G:2654 S:0.03274 I:0.02618 (0.4047)
                      Deriv:  B:0.06 G:0.14 S:0.0013 I:0.14
Iter   40: 2665.20 	 B:10.76 G:2654 S:0.03272 I:0.02119 (0.4372)
                      Deriv:  B:0.059 G:0.22 S:0.0013 I:0.026
Iter   41: 2665.13 	 B:10.69 G:2654 S:0.03271 I:0.02115 (0.4296)
                      Deriv:  B:0.058 G:0.24 S:0.0013 I:0.042
Iter   42: 2665.12 	 B:10.68 G:2654 S:0.03271 I:0.02182 (0.4168)
                      Deriv:  B:0.058 G:0.37 S:0.0013 I:0.054
Iter   43: 2665.11 	 B:10.67 G:2654 S:0.03272 I:0.0225 (0.4119)
                      Deriv:  B:0.057 G:0.2 S:0.0013 I:0.059
Iter   44: 2665.09 	 B:10.65 G:2654 S:0.03275 I:0.02404 (0.4192)
                      Deriv:  B:0.056 G:0.26 S:0.0013 I:0.17
Iter   45: 2665.08 	 B:10.64 G:2654 S:0.03278 I:0.02396 (0.437)
                      Deriv:  B:0.055 G:0.2 S:0.0013 I:0.084
Iter   46: 2664.94 	 B:10.5 G:2654 S:0.0328 I:0.02354 (0.4209)
                      Deriv:  B:0.055 G:0.16 S:0.0013 I:0.055
Iter   47: 2664.92 	 B:10.48 G:2654 S:0.03282 I:0.02374 (0.3854)
                      Deriv:  B:0.054 G:0.51 S:0.0013 I:0.05
Iter   48: 2664.88 	 B:10.47 G:2654 S:0.03284 I:0.03991 (0.3498)
                      Deriv:  B:0.053 G:0.75 S:0.0013 I:0.46
Iter   49: 2664.85 	 B:10.46 G:2654 S:0.03287 I:0.07083 (0.3072)
                      Deriv:  B:0.052 G:0.81 S:0.0013 I:1.6
Iter   50: 2664.75 	 B:10.44 G:2654 S:0.03293 I:0.07887 (0.3154)
                      Deriv:  B:0.051 G:1.1 S:0.0013 I:0.71
Iter   51: 2664.33 	 B:10.45 G:2654 S:0.03305 I:0.0533 (0.3419)
                      Deriv:  B:0.05 G:1.1 S:0.0013 I:0.29
Iter   52: 2664.07 	 B:10.45 G:2654 S:0.03311 I:0.0461 (0.352)
                      Deriv:  B:0.05 G:0.3 S:0.0013 I:0.6
Iter   53: 2664.05 	 B:10.45 G:2654 S:0.03312 I:0.02906 (0.3933)
                      Deriv:  B:0.05 G:0.27 S:0.0013 I:0.085
Iter   54: 2664.03 	 B:10.45 G:2654 S:0.03313 I:0.02296 (0.4096)
                      Deriv:  B:0.05 G:0.12 S:0.0013 I:0.076
Iter   55: 2664.02 	 B:10.44 G:2654 S:0.03312 I:0.02228 (0.3979)
                      Deriv:  B:0.05 G:0.055 S:0.0013 I:0.084
Iter   56: 2664.04 	 B:10.46 G:2654 S:0.03311 I:0.0191 (0.4534)
                      Deriv:  B:0.05 G:0.15 S:0.0013 I:0.023
Iter   57: 2664.03 	 B:10.46 G:2654 S:0.0331 I:0.01773 (0.4655)
                      Deriv:  B:0.049 G:0.15 S:0.0013 I:0.018
Iter   58: 2664.02 	 B:10.45 G:2654 S:0.03309 I:0.01711 (0.469)
                      Deriv:  B:0.048 G:0.2 S:0.0013 I:0.038
Iter   59: 2664.01 	 B:10.44 G:2654 S:0.0331 I:0.01782 (0.4254)
                      Deriv:  B:0.048 G:0.2 S:0.0013 I:0.078
Iter   60: 2664.00 	 B:10.43 G:2654 S:0.03311 I:0.01699 (0.4427)
                      Deriv:  B:0.048 G:0.21 S:0.0013 I:0.064
Iter   61: 2664.07 	 B:10.5 G:2654 S:0.03315 I:0.01585 (0.4627)
                      Deriv:  B:0.047 G:0.26 S:0.0013 I:0.03
Iter   62: 2664.04 	 B:10.48 G:2654 S:0.03324 I:0.01648 (0.4301)
                      Deriv:  B:0.046 G:5 S:0.0013 I:0.041
Iter   63: 2664.03 	 B:10.47 G:2654 S:0.03328 I:0.01713 (0.4181)
                      Deriv:  B:0.045 G:4.9 S:0.0013 I:0.053
Iter   64: 2663.49 	 B:10.48 G:2653 S:0.03324 I:0.01617 (0.4413)
                      Deriv:  B:0.046 G:0.97 S:0.0013 I:0.038
Iter   65: 2663.22 	 B:10.48 G:2653 S:0.03325 I:0.03723 (0.3348)
                      Deriv:  B:0.046 G:0.65 S:0.0013 I:1.5
Iter   66: 2663.22 	 B:10.5 G:2653 S:0.03325 I:0.04225 (0.3378)
                      Deriv:  B:0.046 G:0.13 S:0.0013 I:1.9
Iter   67: 2663.18 	 B:10.5 G:2653 S:0.03325 I:0.01622 (0.4323)
                      Deriv:  B:0.046 G:0.17 S:0.0013 I:0.031
Iter   68: 2663.12 	 B:10.5 G:2653 S:0.03325 I:0.03597 (0.3408)
                      Deriv:  B:0.045 G:0.27 S:0.0013 I:0.55
Iter   69: 2663.11 	 B:10.5 G:2653 S:0.03325 I:0.05191 (0.3174)
                      Deriv:  B:0.045 G:0.29 S:0.0013 I:1.3
Iter   70: 2662.84 	 B:10.49 G:2652 S:0.03325 I:0.03491 (0.3368)
                      Deriv:  B:0.045 G:0.94 S:0.0013 I:0.66
Iter   71: 2662.80 	 B:10.5 G:2652 S:0.03326 I:0.01777 (0.4063)
                      Deriv:  B:0.045 G:0.085 S:0.0013 I:0.089
Iter   72: 2662.79 	 B:10.5 G:2652 S:0.03327 I:0.01495 (0.4343)
                      Deriv:  B:0.045 G:0.073 S:0.0013 I:0.016
Iter   73: 2662.79 	 B:10.5 G:2652 S:0.03328 I:0.01462 (0.448)
                      Deriv:  B:0.045 G:0.15 S:0.0013 I:0.017
Iter   74: 2662.78 	 B:10.49 G:2652 S:0.0333 I:0.01475 (0.4556)
                      Deriv:  B:0.044 G:2.6 S:0.0013 I:0.032
Iter   75: 2662.77 	 B:10.49 G:2652 S:0.03332 I:0.01546 (0.4362)
                      Deriv:  B:0.045 G:2.6 S:0.0013 I:0.056
Iter   76: 2662.31 	 B:10.45 G:2652 S:0.03333 I:0.01503 (0.4564)
                      Deriv:  B:0.045 G:0.055 S:0.0013 I:0.035
Iter   77: 2662.30 	 B:10.44 G:2652 S:0.03333 I:0.01428 (0.4432)
                      Deriv:  B:0.045 G:0.11 S:0.0013 I:0.014
Iter   78: 2662.30 	 B:10.44 G:2652 S:0.03334 I:0.01425 (0.4355)
                      Deriv:  B:0.045 G:0.12 S:0.0013 I:0.014
Iter   79: 2662.29 	 B:10.43 G:2652 S:0.03336 I:0.01435 (0.4318)
                      Deriv:  B:0.044 G:0.12 S:0.0013 I:0.015
Iter   80: 2662.29 	 B:10.43 G:2652 S:0.03338 I:0.01456 (0.4269)
                      Deriv:  B:0.044 G:0.12 S:0.0013 I:0.017
Iter   81: 2662.27 	 B:10.41 G:2652 S:0.0334 I:0.01472 (0.4204)
                      Deriv:  B:0.044 G:0.12 S:0.0013 I:0.018
Iter   82: 2662.26 	 B:10.4 G:2652 S:0.03343 I:0.01482 (0.4181)
                      Deriv:  B:0.044 G:0.14 S:0.0013 I:0.018
Iter   83: 2662.26 	 B:10.4 G:2652 S:0.03347 I:0.01486 (0.4207)
                      Deriv:  B:0.043 G:0.15 S:0.0013 I:0.018
Iter   84: 2662.25 	 B:10.39 G:2652 S:0.03352 I:0.01505 (0.4286)
                      Deriv:  B:0.043 G:1.9 S:0.0013 I:0.02
Iter   85: 2662.24 	 B:10.39 G:2652 S:0.03358 I:0.0156 (0.4366)
                      Deriv:  B:0.043 G:1.9 S:0.0013 I:0.024
Iter   86: 2661.89 	 B:10.45 G:2651 S:0.03365 I:0.01647 (0.4172)
                      Deriv:  B:0.042 G:0.31 S:0.0013 I:0.034
Iter   87: 2661.88 	 B:10.45 G:2651 S:0.03366 I:0.01619 (0.4238)
                      Deriv:  B:0.042 G:0.017 S:0.0013 I:0.03
Iter   88: 2661.88 	 B:10.45 G:2651 S:0.03364 I:0.01452 (0.4569)
                      Deriv:  B:0.042 G:0.16 S:0.0013 I:0.016
Iter   89: 2661.87 	 B:10.44 G:2651 S:0.03363 I:0.0139 (0.4696)
                      Deriv:  B:0.042 G:0.2 S:0.0013 I:0.014
Iter   90: 2661.87 	 B:10.44 G:2651 S:0.03363 I:0.01371 (0.4792)
                      Deriv:  B:0.042 G:0.18 S:0.0013 I:0.015
Iter   91: 2661.82 	 B:10.39 G:2651 S:0.03364 I:0.01366 (0.4831)
                      Deriv:  B:0.041 G:3 S:0.0013 I:0.015
Iter   92: 2661.81 	 B:10.39 G:2651 S:0.03365 I:0.01367 (0.484)
                      Deriv:  B:0.041 G:3 S:0.0013 I:0.015
Iter   93: 2661.39 	 B:10.39 G:2651 S:0.03365 I:0.01386 (0.4838)
                      Deriv:  B:0.041 G:0.078 S:0.0013 I:0.017
Iter   94: 2661.39 	 B:10.38 G:2651 S:0.03367 I:0.0136 (0.487)
                      Deriv:  B:0.041 G:0.078 S:0.0013 I:0.014
Iter   95: 2661.39 	 B:10.38 G:2651 S:0.03368 I:0.01351 (0.4894)
                      Deriv:  B:0.041 G:0.076 S:0.0013 I:0.014
Iter   96: 2661.34 	 B:10.34 G:2651 S:0.03369 I:0.01348 (0.4911)
                      Deriv:  B:0.041 G:0.081 S:0.0013 I:0.014
Iter   97: 2661.34 	 B:10.34 G:2651 S:0.0337 I:0.01346 (0.491)
                      Deriv:  B:0.041 G:2.8 S:0.0013 I:0.014
Iter   98: 2661.34 	 B:10.33 G:2651 S:0.03371 I:0.01346 (0.4906)
                      Deriv:  B:0.041 G:2.8 S:0.0013 I:0.014
Iter   99: 2660.91 	 B:10.33 G:2651 S:0.03372 I:0.01346 (0.4907)
                      Deriv:  B:0.041 G:0.043 S:0.0013 I:0.014
Iter  100: 2660.91 	 B:10.33 G:2651 S:0.03372 I:0.01338 (0.4918)
                      Deriv:  B:0.041 G:0.098 S:0.0013 I:0.013
Iter  101: 2660.90 	 B:10.33 G:2651 S:0.03373 I:0.01329 (0.4927)
                      Deriv:  B:0.041 G:0.11 S:0.0013 I:0.013
Iter  102: 2660.90 	 B:10.33 G:2651 S:0.03374 I:0.01327 (0.4931)
                      Deriv:  B:0.04 G:0.12 S:0.0013 I:0.013
Iter  103: 2660.90 	 B:10.32 G:2651 S:0.03375 I:0.01328 (0.4934)
                      Deriv:  B:0.04 G:0.11 S:0.0013 I:0.013
Iter  104: 2660.90 	 B:10.32 G:2651 S:0.03377 I:0.0133 (0.4939)
                      Deriv:  B:0.04 G:0.12 S:0.0013 I:0.013
Iter  105: 2660.89 	 B:10.32 G:2651 S:0.0338 I:0.01333 (0.4943)
                      Deriv:  B:0.04 G:0.12 S:0.0013 I:0.013
Iter  106: 2660.90 	 B:10.33 G:2651 S:0.03382 I:0.01336 (0.4935)
                      Deriv:  B:0.04 G:0.096 S:0.0013 I:0.014
Iter  107: 2660.90 	 B:10.33 G:2651 S:0.03384 I:0.01337 (0.4909)
                      Deriv:  B:0.04 G:0.12 S:0.0013 I:0.014
Iter  108: 2660.90 	 B:10.32 G:2651 S:0.03387 I:0.01337 (0.4881)
                      Deriv:  B:0.039 G:0.12 S:0.0013 I:0.014
Iter  109: 2660.89 	 B:10.32 G:2651 S:0.03392 I:0.01336 (0.4848)
                      Deriv:  B:0.039 G:4.2 S:0.0013 I:0.014
Iter  110: 2660.89 	 B:10.32 G:2651 S:0.03395 I:0.01337 (0.4825)
                      Deriv:  B:0.039 G:4.2 S:0.0013 I:0.014
Iter  111: 2660.14 	 B:10.38 G:2650 S:0.03393 I:0.01337 (0.4845)
                      Deriv:  B:0.039 G:0.94 S:0.0013 I:0.014
Iter  112: 2660.09 	 B:10.38 G:2650 S:0.03394 I:0.01345 (0.4843)
                      Deriv:  B:0.039 G:0.033 S:0.0013 I:0.014
Iter  113: 2660.09 	 B:10.37 G:2650 S:0.03394 I:0.01335 (0.4866)
                      Deriv:  B:0.039 G:0.1 S:0.0013 I:0.014
Iter  114: 2660.09 	 B:10.37 G:2650 S:0.03394 I:0.01327 (0.489)
                      Deriv:  B:0.039 G:0.12 S:0.0013 I:0.014
Iter  115: 2660.09 	 B:10.37 G:2650 S:0.03395 I:0.01323 (0.4918)
                      Deriv:  B:0.039 G:0.11 S:0.0013 I:0.013
Iter  116: 2660.10 	 B:10.39 G:2650 S:0.03396 I:0.01322 (0.4936)
                      Deriv:  B:0.039 G:0.096 S:0.0013 I:0.013
Iter  117: 2660.10 	 B:10.38 G:2650 S:0.03398 I:0.01323 (0.4935)
                      Deriv:  B:0.038 G:0.08 S:0.0013 I:0.014
Iter  118: 2660.10 	 B:10.38 G:2650 S:0.03399 I:0.01323 (0.4929)
                      Deriv:  B:0.038 G:0.096 S:0.0013 I:0.014
Iter  119: 2660.10 	 B:10.38 G:2650 S:0.03402 I:0.01322 (0.4943)
                      Deriv:  B:0.038 G:0.093 S:0.0013 I:0.014
Iter  120: 2660.10 	 B:10.38 G:2650 S:0.03404 I:0.01321 (0.4944)
                      Deriv:  B:0.038 G:0.11 S:0.0013 I:0.014
Iter  121: 2660.07 	 B:10.36 G:2650 S:0.03406 I:0.01323 (0.4943)
                      Deriv:  B:0.038 G:0.11 S:0.0013 I:0.014
Iter  122: 2660.07 	 B:10.35 G:2650 S:0.0341 I:0.01327 (0.4942)
                      Deriv:  B:0.038 G:0.11 S:0.0013 I:0.014
Iter  123: 2660.07 	 B:10.35 G:2650 S:0.03413 I:0.01334 (0.4941)
                      Deriv:  B:0.038 G:0.12 S:0.0013 I:0.015
Iter  124: 2660.07 	 B:10.35 G:2650 S:0.03416 I:0.01338 (0.4909)
                      Deriv:  B:0.038 G:0.16 S:0.0013 I:0.016
Iter  125: 2660.06 	 B:10.35 G:2650 S:0.03419 I:0.01346 (0.4815)
                      Deriv:  B:0.038 G:0.15 S:0.0013 I:0.017
Iter  126: 2660.06 	 B:10.34 G:2650 S:0.03426 I:0.01361 (0.4733)
                      Deriv:  B:0.038 G:0.2 S:0.0013 I:0.018
Iter  127: 2660.05 	 B:10.34 G:2650 S:0.03434 I:0.01378 (0.4704)
                      Deriv:  B:0.037 G:3.3 S:0.0013 I:0.02
Iter  128: 2660.05 	 B:10.34 G:2650 S:0.03442 I:0.01398 (0.4678)
                      Deriv:  B:0.037 G:3.3 S:0.0013 I:0.021
Iter  129: 2659.62 	 B:10.34 G:2649 S:0.03438 I:0.01391 (0.4703)
                      Deriv:  B:0.037 G:0.13 S:0.0013 I:0.02
Iter  130: 2659.50 	 B:10.34 G:2649 S:0.03443 I:0.01356 (0.4708)
                      Deriv:  B:0.038 G:0.49 S:0.0013 I:0.019
Iter  131: 2659.28 	 B:10.34 G:2649 S:0.03448 I:0.01427 (0.4252)
                      Deriv:  B:0.038 G:0.56 S:0.0013 I:0.032
Iter  132: 2659.21 	 B:10.34 G:2649 S:0.03451 I:0.01412 (0.436)
                      Deriv:  B:0.038 G:0.066 S:0.0013 I:0.033
Iter  133: 2659.20 	 B:10.34 G:2649 S:0.03452 I:0.01347 (0.4912)
                      Deriv:  B:0.038 G:0.063 S:0.0013 I:0.015
Iter  134: 2659.20 	 B:10.34 G:2649 S:0.03452 I:0.0135 (0.4894)
                      Deriv:  B:0.038 G:0.073 S:0.0013 I:0.016
Iter  135: 2659.20 	 B:10.34 G:2649 S:0.03453 I:0.01352 (0.4845)
                      Deriv:  B:0.038 G:0.063 S:0.0013 I:0.016
Iter  136: 2659.20 	 B:10.34 G:2649 S:0.03454 I:0.01348 (0.4847)
                      Deriv:  B:0.038 G:0.079 S:0.0013 I:0.015
Iter  137: 2659.19 	 B:10.33 G:2649 S:0.03456 I:0.01341 (0.4872)
                      Deriv:  B:0.037 G:0.1 S:0.0013 I:0.015
Iter  138: 2659.19 	 B:10.33 G:2649 S:0.03458 I:0.01339 (0.4883)
                      Deriv:  B:0.037 G:0.11 S:0.0013 I:0.015
Iter  139: 2659.19 	 B:10.33 G:2649 S:0.0346 I:0.01346 (0.4876)
                      Deriv:  B:0.037 G:0.1 S:0.0013 I:0.016
Iter  140: 2659.19 	 B:10.33 G:2649 S:0.03463 I:0.01361 (0.4777)
                      Deriv:  B:0.037 G:0.11 S:0.0013 I:0.018
Iter  141: 2659.18 	 B:10.32 G:2649 S:0.03466 I:0.01377 (0.471)
                      Deriv:  B:0.037 G:0.12 S:0.0013 I:0.022
Iter  142: 2659.18 	 B:10.31 G:2649 S:0.03469 I:0.01381 (0.4722)
                      Deriv:  B:0.037 G:0.11 S:0.0013 I:0.022
Iter  143: 2659.17 	 B:10.31 G:2649 S:0.03472 I:0.01373 (0.4799)
                      Deriv:  B:0.037 G:0.096 S:0.0013 I:0.021
Iter  144: 2659.17 	 B:10.31 G:2649 S:0.03474 I:0.01359 (0.4815)
                      Deriv:  B:0.037 G:0.11 S:0.0013 I:0.018
Iter  145: 2659.17 	 B:10.31 G:2649 S:0.03476 I:0.0135 (0.4813)
                      Deriv:  B:0.036 G:0.088 S:0.0013 I:0.016
Iter  146: 2659.18 	 B:10.32 G:2649 S:0.0348 I:0.0134 (0.4828)
                      Deriv:  B:0.036 G:0.91 S:0.0013 I:0.015
Iter  147: 2659.18 	 B:10.32 G:2649 S:0.03482 I:0.01335 (0.4882)
                      Deriv:  B:0.036 G:0.95 S:0.0013 I:0.015
Iter  148: 2658.87 	 B:10.31 G:2649 S:0.03497 I:0.01396 (0.4458)
                      Deriv:  B:0.036 G:1 S:0.0014 I:0.021
Iter  149: 2658.78 	 B:10.31 G:2648 S:0.035 I:0.02827 (0.319)
                      Deriv:  B:0.036 G:0.46 S:0.0014 I:0.37
Iter  150: 2658.72 	 B:10.32 G:2648 S:0.03509 I:0.01362 (0.4895)
                      Deriv:  B:0.036 G:0.45 S:0.0014 I:0.015
Iter  151: 2658.51 	 B:10.32 G:2648 S:0.03517 I:0.02548 (0.3307)
                      Deriv:  B:0.037 G:0.56 S:0.0014 I:0.033
Iter  152: 2658.48 	 B:10.32 G:2648 S:0.03516 I:0.0548 (0.275)
                      Deriv:  B:0.037 G:0.59 S:0.0014 I:0.52
Iter  153: 2658.37 	 B:10.32 G:2648 S:0.03518 I:0.04988 (0.2774)
                      Deriv:  B:0.037 G:0.18 S:0.0014 I:0.43
Iter  154: 2658.34 	 B:10.32 G:2648 S:0.03518 I:0.0247 (0.3361)
                      Deriv:  B:0.037 G:0.085 S:0.0014 I:0.092
Iter  155: 2658.33 	 B:10.32 G:2648 S:0.03518 I:0.02003 (0.3526)
                      Deriv:  B:0.037 G:0.044 S:0.0014 I:0.066
Iter  156: 2658.39 	 B:10.38 G:2648 S:0.03517 I:0.01694 (0.3749)
                      Deriv:  B:0.036 G:0.14 S:0.0014 I:0.036
Iter  157: 2658.39 	 B:10.38 G:2648 S:0.03517 I:0.01675 (0.3706)
                      Deriv:  B:0.036 G:0.12 S:0.0014 I:0.04
Iter  158: 2658.39 	 B:10.38 G:2648 S:0.03517 I:0.01617 (0.3815)
                      Deriv:  B:0.036 G:0.11 S:0.0014 I:0.038
Iter  159: 2658.38 	 B:10.38 G:2648 S:0.03518 I:0.01538 (0.4089)
                      Deriv:  B:0.036 G:0.096 S:0.0014 I:0.031
Iter  160: 2658.38 	 B:10.37 G:2648 S:0.03519 I:0.01523 (0.4389)
                      Deriv:  B:0.036 G:0.74 S:0.0014 I:0.026
Iter  161: 2658.28 	 B:10.28 G:2648 S:0.03521 I:0.01581 (0.4285)
                      Deriv:  B:0.036 G:0.77 S:0.0014 I:0.032
Iter  162: 2658.07 	 B:10.27 G:2648 S:0.03526 I:0.03877 (0.3378)
                      Deriv:  B:0.035 G:1 S:0.0014 I:0.74
Iter  163: 2658.05 	 B:10.27 G:2648 S:0.03527 I:0.06034 (0.3143)
                      Deriv:  B:0.035 G:1 S:0.0014 I:2.1
Iter  164: 2657.95 	 B:10.27 G:2648 S:0.03531 I:0.08911 (0.2967)
                      Deriv:  B:0.035 G:0.49 S:0.0014 I:2.2
Iter  165: 2657.88 	 B:10.27 G:2648 S:0.03531 I:0.02272 (0.3887)
                      Deriv:  B:0.035 G:0.51 S:0.0014 I:0.11
Iter  166: 2657.88 	 B:10.29 G:2648 S:0.03533 I:0.02446 (0.3688)
                      Deriv:  B:0.035 G:0.065 S:0.0014 I:0.13
Iter  167: 2657.88 	 B:10.29 G:2648 S:0.03533 I:0.01826 (0.4021)
                      Deriv:  B:0.035 G:0.16 S:0.0014 I:0.049
Iter  168: 2657.87 	 B:10.29 G:2648 S:0.03534 I:0.01583 (0.4303)
                      Deriv:  B:0.035 G:0.078 S:0.0014 I:0.03
Iter  169: 2657.87 	 B:10.29 G:2648 S:0.03535 I:0.01549 (0.4471)
                      Deriv:  B:0.035 G:0.067 S:0.0014 I:0.025
Iter  170: 2657.87 	 B:10.29 G:2648 S:0.03536 I:0.01526 (0.4441)
                      Deriv:  B:0.035 G:0.074 S:0.0014 I:0.021
Iter  171: 2657.81 	 B:10.24 G:2648 S:0.03536 I:0.0153 (0.441)
                      Deriv:  B:0.035 G:0.068 S:0.0014 I:0.024
Iter  172: 2657.81 	 B:10.24 G:2648 S:0.03537 I:0.01535 (0.44)
                      Deriv:  B:0.035 G:0.074 S:0.0014 I:0.026
Iter  173: 2657.81 	 B:10.23 G:2648 S:0.03538 I:0.0152 (0.4403)
                      Deriv:  B:0.035 G:0.089 S:0.0014 I:0.024
Iter  174: 2657.81 	 B:10.23 G:2648 S:0.03539 I:0.01495 (0.4417)
                      Deriv:  B:0.035 G:0.087 S:0.0014 I:0.02
Iter  175: 2657.81 	 B:10.23 G:2648 S:0.0354 I:0.01471 (0.4439)
                      Deriv:  B:0.035 G:0.091 S:0.0014 I:0.018
Iter  176: 2657.77 	 B:10.2 G:2648 S:0.03541 I:0.01449 (0.4468)
                      Deriv:  B:0.035 G:0.42 S:0.0014 I:0.017
Iter  177: 2657.77 	 B:10.19 G:2648 S:0.03543 I:0.01432 (0.4498)
                      Deriv:  B:0.034 G:0.46 S:0.0014 I:0.016
Iter  178: 2657.69 	 B:10.19 G:2647 S:0.03552 I:0.01407 (0.4332)
                      Deriv:  B:0.034 G:1.4 S:0.0014 I:0.016
Iter  179: 2657.59 	 B:10.18 G:2647 S:0.03562 I:0.01449 (0.4129)
                      Deriv:  B:0.034 G:1.9 S:0.0014 I:0.021
Iter  180: 2657.43 	 B:10.18 G:2647 S:0.03579 I:0.01699 (0.379)
                      Deriv:  B:0.034 G:1.8 S:0.0014 I:0.042
Iter  181: 2656.62 	 B:10.18 G:2646 S:0.03606 I:0.03526 (0.3326)
                      Deriv:  B:0.034 G:1.8 S:0.0014 I:0.37
Iter  182: 2656.14 	 B:10.19 G:2646 S:0.03621 I:0.124 (0.2865)
                      Deriv:  B:0.035 G:2.7 S:0.0014 I:5.8
Iter  183: 2655.93 	 B:10.19 G:2646 S:0.03635 I:0.1125 (0.3027)
                      Deriv:  B:0.035 G:2.4 S:0.0014 I:2.1
Iter  184: 2655.67 	 B:10.19 G:2645 S:0.03623 I:0.03198 (0.3344)
                      Deriv:  B:0.035 G:1.6 S:0.0014 I:0.16
Iter  185: 2655.44 	 B:10.19 G:2645 S:0.03625 I:0.0479 (0.3262)
                      Deriv:  B:0.035 G:0.79 S:0.0014 I:0.71
Iter  186: 2655.25 	 B:10.23 G:2645 S:0.03625 I:0.02253 (0.3843)
                      Deriv:  B:0.035 G:0.076 S:0.0014 I:0.066
Iter  187: 2655.25 	 B:10.23 G:2645 S:0.03625 I:0.02171 (0.362)
                      Deriv:  B:0.035 G:0.073 S:0.0014 I:0.06
Iter  188: 2655.24 	 B:10.23 G:2645 S:0.03624 I:0.01751 (0.4054)
                      Deriv:  B:0.034 G:4.1 S:0.0014 I:0.029
Iter  189: 2655.24 	 B:10.23 G:2645 S:0.03624 I:0.01762 (0.4117)
                      Deriv:  B:0.034 G:0.14 S:0.0014 I:0.029
Iter  190: 2655.24 	 B:10.23 G:2645 S:0.03624 I:0.01757 (0.4101)
                      Deriv:  B:0.034 G:0.018 S:0.0014 I:0.028
Iter  191: 2655.24 	 B:10.23 G:2645 S:0.03623 I:0.0161 (0.4315)
                      Deriv:  B:0.034 G:0.1 S:0.0014 I:0.019
Iter  192: 2655.24 	 B:10.23 G:2645 S:0.03623 I:0.01577 (0.4372)
                      Deriv:  B:0.034 G:0.14 S:0.0014 I:0.018
Iter  193: 2655.23 	 B:10.22 G:2645 S:0.03623 I:0.01521 (0.4451)
                      Deriv:  B:0.034 G:0.1 S:0.0014 I:0.017
Iter  194: 2655.23 	 B:10.22 G:2645 S:0.03624 I:0.01473 (0.4552)
                      Deriv:  B:0.034 G:4.1 S:0.0014 I:0.016
Iter  195: 2655.23 	 B:10.22 G:2645 S:0.03625 I:0.01442 (0.4639)
                      Deriv:  B:0.034 G:4 S:0.0014 I:0.016
Iter  196: 2654.78 	 B:10.2 G:2645 S:0.03624 I:0.01526 (0.4383)
                      Deriv:  B:0.034 G:0.081 S:0.0014 I:0.022
Iter  197: 2654.78 	 B:10.19 G:2645 S:0.03625 I:0.01525 (0.4328)
                      Deriv:  B:0.034 G:0.048 S:0.0014 I:0.02
Iter  198: 2654.77 	 B:10.19 G:2645 S:0.03625 I:0.01535 (0.4175)
                      Deriv:  B:0.034 G:0.063 S:0.0014 I:0.021
Iter  199: 2654.77 	 B:10.19 G:2645 S:0.03625 I:0.01527 (0.4123)
                      Deriv:  B:0.034 G:0.067 S:0.0014 I:0.021
Iter  200: 2654.77 	 B:10.19 G:2645 S:0.03625 I:0.01507 (0.4148)
                      Deriv:  B:0.034 G:0.084 S:0.0014 I:0.02
Iter  201: 2654.78 	 B:10.2 G:2645 S:0.03626 I:0.01482 (0.4239)
                      Deriv:  B:0.033 G:0.098 S:0.0014 I:0.018
Iter  202: 2654.78 	 B:10.2 G:2645 S:0.03627 I:0.01465 (0.4336)
                      Deriv:  B:0.033 G:0.096 S:0.0014 I:0.018
Iter  203: 2654.78 	 B:10.2 G:2645 S:0.03629 I:0.01449 (0.4453)
                      Deriv:  B:0.033 G:0.089 S:0.0014 I:0.018
Iter  204: 2654.78 	 B:10.2 G:2645 S:0.0363 I:0.01436 (0.4565)
                      Deriv:  B:0.033 G:0.094 S:0.0014 I:0.018
Iter  205: 2654.78 	 B:10.2 G:2645 S:0.03631 I:0.01424 (0.4655)
                      Deriv:  B:0.033 G:0.08 S:0.0014 I:0.017
Iter  206: 2654.78 	 B:10.2 G:2645 S:0.03633 I:0.01407 (0.4735)
                      Deriv:  B:0.033 G:0.088 S:0.0014 I:0.016
Iter  207: 2654.78 	 B:10.2 G:2645 S:0.03634 I:0.01396 (0.4752)
                      Deriv:  B:0.033 G:0.076 S:0.0014 I:0.015
Iter  208: 2654.78 	 B:10.2 G:2645 S:0.03635 I:0.01385 (0.4779)
                      Deriv:  B:0.033 G:0.076 S:0.0014 I:0.015
Iter  209: 2654.78 	 B:10.2 G:2645 S:0.03637 I:0.01376 (0.4777)
                      Deriv:  B:0.033 G:0.07 S:0.0014 I:0.015
Iter  210: 2654.77 	 B:10.2 G:2645 S:0.03638 I:0.01368 (0.4776)
                      Deriv:  B:0.033 G:0.07 S:0.0014 I:0.014
Iter  211: 2654.76 	 B:10.18 G:2645 S:0.03639 I:0.01359 (0.4776)
                      Deriv:  B:0.033 G:0.075 S:0.0014 I:0.014
Iter  212: 2654.76 	 B:10.18 G:2645 S:0.03641 I:0.01352 (0.4777)
                      Deriv:  B:0.033 G:0.082 S:0.0014 I:0.014
Iter  213: 2654.76 	 B:10.18 G:2645 S:0.03642 I:0.01347 (0.4778)
                      Deriv:  B:0.032 G:0.079 S:0.0014 I:0.014
Iter  214: 2654.76 	 B:10.18 G:2645 S:0.03644 I:0.01344 (0.478)
                      Deriv:  B:0.032 G:0.068 S:0.0014 I:0.013
Iter  215: 2654.76 	 B:10.18 G:2645 S:0.03646 I:0.01342 (0.4783)
                      Deriv:  B:0.033 G:0.082 S:0.0014 I:0.013
Iter  216: 2654.75 	 B:10.17 G:2645 S:0.0365 I:0.01342 (0.479)
                      Deriv:  B:0.032 G:2.6 S:0.0014 I:0.014
Iter  217: 2654.75 	 B:10.17 G:2645 S:0.03651 I:0.01343 (0.477)
                      Deriv:  B:0.032 G:2.6 S:0.0014 I:0.014
Iter  218: 2654.33 	 B:10.17 G:2644 S:0.03651 I:0.01366 (0.4777)
                      Deriv:  B:0.032 G:0.049 S:0.0014 I:0.015
Iter  219: 2654.32 	 B:10.17 G:2644 S:0.03651 I:0.0136 (0.4793)
                      Deriv:  B:0.032 G:0.039 S:0.0014 I:0.015
Iter  220: 2654.32 	 B:10.17 G:2644 S:0.03652 I:0.01354 (0.4795)
                      Deriv:  B:0.032 G:0.049 S:0.0014 I:0.014
Iter  221: 2654.30 	 B:10.15 G:2644 S:0.03652 I:0.01348 (0.4797)
                      Deriv:  B:0.032 G:0.056 S:0.0014 I:0.014
Iter  222: 2654.30 	 B:10.15 G:2644 S:0.03653 I:0.01343 (0.4799)
                      Deriv:  B:0.032 G:0.06 S:0.0014 I:0.014
Iter  223: 2654.30 	 B:10.15 G:2644 S:0.03653 I:0.01337 (0.4801)
                      Deriv:  B:0.032 G:0.063 S:0.0014 I:0.014
Iter  224: 2654.30 	 B:10.15 G:2644 S:0.03654 I:0.01333 (0.4804)
                      Deriv:  B:0.032 G:0.067 S:0.0014 I:0.014
Iter  225: 2654.30 	 B:10.15 G:2644 S:0.03655 I:0.01331 (0.4806)
                      Deriv:  B:0.032 G:0.065 S:0.0014 I:0.014
Iter  226: 2654.33 	 B:10.18 G:2644 S:0.03656 I:0.01329 (0.481)
                      Deriv:  B:0.032 G:0.069 S:0.0014 I:0.013
Iter  227: 2654.33 	 B:10.18 G:2644 S:0.03658 I:0.01328 (0.4813)
                      Deriv:  B:0.032 G:2.4 S:0.0014 I:0.013
Iter  228: 2654.33 	 B:10.17 G:2644 S:0.03659 I:0.01328 (0.4808)
                      Deriv:  B:0.032 G:2.4 S:0.0014 I:0.014
Iter  229: 2653.90 	 B:10.17 G:2644 S:0.0366 I:0.01331 (0.4802)
                      Deriv:  B:0.032 G:0.046 S:0.0014 I:0.014
Iter  230: 2653.90 	 B:10.17 G:2644 S:0.0366 I:0.01329 (0.4812)
                      Deriv:  B:0.032 G:0.026 S:0.0014 I:0.014
Iter  231: 2653.90 	 B:10.17 G:2644 S:0.0366 I:0.01325 (0.4817)
                      Deriv:  B:0.032 G:0.05 S:0.0014 I:0.013
Iter  232: 2653.90 	 B:10.17 G:2644 S:0.03661 I:0.01324 (0.4818)
                      Deriv:  B:0.032 G:0.065 S:0.0014 I:0.013
Iter  233: 2653.90 	 B:10.17 G:2644 S:0.03661 I:0.01323 (0.4818)
                      Deriv:  B:0.032 G:0.065 S:0.0014 I:0.013
Iter  234: 2653.89 	 B:10.17 G:2644 S:0.03662 I:0.01323 (0.4818)
                      Deriv:  B:0.032 G:0.052 S:0.0014 I:0.013
Iter  235: 2653.89 	 B:10.17 G:2644 S:0.03663 I:0.01323 (0.4819)
                      Deriv:  B:0.032 G:0.046 S:0.0014 I:0.013
Iter  236: 2653.89 	 B:10.17 G:2644 S:0.03664 I:0.01324 (0.4819)
                      Deriv:  B:0.032 G:0.054 S:0.0014 I:0.013
Iter  237: 2653.89 	 B:10.17 G:2644 S:0.03665 I:0.01325 (0.482)
                      Deriv:  B:0.032 G:0.061 S:0.0014 I:0.014
Iter  238: 2653.89 	 B:10.17 G:2644 S:0.03666 I:0.01325 (0.4821)
                      Deriv:  B:0.032 G:0.061 S:0.0014 I:0.014
Iter  239: 2653.89 	 B:10.17 G:2644 S:0.03667 I:0.01326 (0.4821)
                      Deriv:  B:0.032 G:0.062 S:0.0014 I:0.014
Iter  240: 2653.89 	 B:10.17 G:2644 S:0.03669 I:0.01328 (0.4822)
                      Deriv:  B:0.032 G:0.062 S:0.0014 I:0.014
Iter  241: 2653.93 	 B:10.21 G:2644 S:0.03672 I:0.0133 (0.4823)
                      Deriv:  B:0.032 G:2 S:0.0014 I:0.014
Iter  242: 2653.93 	 B:10.21 G:2644 S:0.03675 I:0.01333 (0.4824)
                      Deriv:  B:0.032 G:2 S:0.0014 I:0.014
Iter  243: 2653.50 	 B:10.21 G:2643 S:0.03679 I:0.01339 (0.4825)
                      Deriv:  B:0.032 G:0.14 S:0.0014 I:0.015
Iter  244: 2653.50 	 B:10.21 G:2643 S:0.0368 I:0.0134 (0.4815)
                      Deriv:  B:0.032 G:0.02 S:0.0014 I:0.015
Iter  245: 2653.50 	 B:10.21 G:2643 S:0.0368 I:0.01335 (0.4814)
                      Deriv:  B:0.032 G:0.054 S:0.0014 I:0.014
Iter  246: 2653.52 	 B:10.23 G:2643 S:0.0368 I:0.01332 (0.4815)
                      Deriv:  B:0.031 G:0.071 S:0.0014 I:0.014
Iter  247: 2653.52 	 B:10.23 G:2643 S:0.0368 I:0.01331 (0.4817)
                      Deriv:  B:0.031 G:0.061 S:0.0014 I:0.014
Iter  248: 2653.52 	 B:10.23 G:2643 S:0.03681 I:0.01331 (0.4817)
                      Deriv:  B:0.031 G:0.035 S:0.0014 I:0.014
Iter  249: 2653.52 	 B:10.23 G:2643 S:0.03681 I:0.0133 (0.4815)
                      Deriv:  B:0.031 G:0.046 S:0.0014 I:0.014
Iter  250: 2653.52 	 B:10.23 G:2643 S:0.03682 I:0.01328 (0.4815)
                      Deriv:  B:0.031 G:0.049 S:0.0014 I:0.014
Iter  251: 2653.55 	 B:10.26 G:2643 S:0.03683 I:0.01326 (0.4817)
                      Deriv:  B:0.031 G:0.049 S:0.0014 I:0.014
Iter  252: 2653.55 	 B:10.25 G:2643 S:0.03684 I:0.01324 (0.4818)
                      Deriv:  B:0.031 G:0.059 S:0.0014 I:0.014
Iter  253: 2653.55 	 B:10.25 G:2643 S:0.03685 I:0.01324 (0.4817)
                      Deriv:  B:0.031 G:0.067 S:0.0014 I:0.014
Iter  254: 2653.55 	 B:10.25 G:2643 S:0.03686 I:0.01324 (0.4814)
                      Deriv:  B:0.031 G:0.065 S:0.0014 I:0.014
Iter  255: 2653.55 	 B:10.25 G:2643 S:0.03688 I:0.01324 (0.4814)
                      Deriv:  B:0.031 G:0.062 S:0.0014 I:0.014
Iter  256: 2653.56 	 B:10.27 G:2643 S:0.0369 I:0.01323 (0.4817)
                      Deriv:  B:0.031 G:0.063 S:0.0014 I:0.014
Iter  257: 2653.56 	 B:10.27 G:2643 S:0.03693 I:0.01324 (0.4815)
                      Deriv:  B:0.031 G:0.079 S:0.0014 I:0.014
Iter  258: 2653.56 	 B:10.27 G:2643 S:0.03696 I:0.01325 (0.4812)
                      Deriv:  B:0.031 G:0.55 S:0.0014 I:0.014
Iter  259: 2653.56 	 B:10.27 G:2643 S:0.03699 I:0.01326 (0.4808)
                      Deriv:  B:0.031 G:0.58 S:0.0014 I:0.014
Iter  260: 2653.43 	 B:10.26 G:2643 S:0.03728 I:0.01533 (0.3867)
                      Deriv:  B:0.031 G:1.3 S:0.0014 I:0.04
Iter  261: 2653.35 	 B:10.24 G:2643 S:0.03738 I:0.04076 (0.2942)
                      Deriv:  B:0.031 G:1.1 S:0.0015 I:0.5
Iter  262: 2653.19 	 B:10.25 G:2643 S:0.03737 I:0.02573 (0.3355)
                      Deriv:  B:0.032 G:0.38 S:0.0015 I:0.26
Iter  263: 2653.15 	 B:10.25 G:2643 S:0.03737 I:0.02269 (0.3542)
                      Deriv:  B:0.032 G:0.15 S:0.0015 I:0.16
Iter  264: 2653.12 	 B:10.25 G:2643 S:0.03737 I:0.01695 (0.3971)
                      Deriv:  B:0.031 G:0.12 S:0.0015 I:0.12
Iter  265: 2653.12 	 B:10.25 G:2643 S:0.03738 I:0.01468 (0.4537)
                      Deriv:  B:0.031 G:0.074 S:0.0015 I:0.025
Iter  266: 2653.12 	 B:10.25 G:2643 S:0.03738 I:0.01447 (0.4596)
                      Deriv:  B:0.031 G:0.026 S:0.0015 I:0.019
Iter  267: 2653.12 	 B:10.25 G:2643 S:0.03738 I:0.01425 (0.4671)
                      Deriv:  B:0.031 G:0.064 S:0.0015 I:0.017
Iter  268: 2653.12 	 B:10.25 G:2643 S:0.03738 I:0.01407 (0.4745)
                      Deriv:  B:0.031 G:0.073 S:0.0015 I:0.017
Iter  269: 2653.12 	 B:10.25 G:2643 S:0.03739 I:0.01396 (0.4812)
                      Deriv:  B:0.031 G:0.067 S:0.0015 I:0.016
Iter  270: 2653.12 	 B:10.25 G:2643 S:0.03739 I:0.01385 (0.4791)
                      Deriv:  B:0.031 G:0.059 S:0.0015 I:0.015
Iter  271: 2653.17 	 B:10.3 G:2643 S:0.0374 I:0.01373 (0.4774)
                      Deriv:  B:0.031 G:0.062 S:0.0015 I:0.015
Iter  272: 2653.17 	 B:10.3 G:2643 S:0.03741 I:0.01366 (0.4769)
                      Deriv:  B:0.031 G:0.059 S:0.0015 I:0.014
Iter  273: 2653.17 	 B:10.3 G:2643 S:0.03742 I:0.0136 (0.4775)
                      Deriv:  B:0.031 G:0.063 S:0.0015 I:0.015
Iter  274: 2653.17 	 B:10.3 G:2643 S:0.03743 I:0.01355 (0.4788)
                      Deriv:  B:0.031 G:0.066 S:0.0015 I:0.014
Iter  275: 2653.16 	 B:10.3 G:2643 S:0.03744 I:0.01352 (0.4807)
                      Deriv:  B:0.031 G:0.061 S:0.0015 I:0.014
Iter  276: 2653.16 	 B:10.29 G:2643 S:0.03744 I:0.01349 (0.4817)
                      Deriv:  B:0.031 G:0.057 S:0.0015 I:0.014
Iter  277: 2653.16 	 B:10.29 G:2643 S:0.03746 I:0.01345 (0.4817)
                      Deriv:  B:0.031 G:0.059 S:0.0015 I:0.014
Iter  278: 2653.16 	 B:10.29 G:2643 S:0.03746 I:0.01343 (0.4814)
                      Deriv:  B:0.031 G:0.061 S:0.0015 I:0.014
Iter  279: 2653.16 	 B:10.29 G:2643 S:0.03747 I:0.01342 (0.4811)
                      Deriv:  B:0.031 G:0.056 S:0.0015 I:0.014
Iter  280: 2653.16 	 B:10.29 G:2643 S:0.03748 I:0.01343 (0.4817)
                      Deriv:  B:0.031 G:0.055 S:0.0015 I:0.014
Iter  281: 2653.16 	 B:10.29 G:2643 S:0.03749 I:0.01342 (0.4817)
                      Deriv:  B:0.031 G:0.062 S:0.0015 I:0.014
Iter  282: 2653.16 	 B:10.29 G:2643 S:0.0375 I:0.01341 (0.4817)
                      Deriv:  B:0.031 G:0.067 S:0.0015 I:0.014
Iter  283: 2653.16 	 B:10.29 G:2643 S:0.03752 I:0.0134 (0.4816)
                      Deriv:  B:0.031 G:0.065 S:0.0015 I:0.014
Iter  284: 2653.16 	 B:10.29 G:2643 S:0.03753 I:0.01339 (0.4816)
                      Deriv:  B:0.031 G:0.054 S:0.0015 I:0.014
Iter  285: 2653.16 	 B:10.29 G:2643 S:0.03755 I:0.01337 (0.4816)
                      Deriv:  B:0.031 G:0.33 S:0.0015 I:0.014
Iter  286: 2653.14 	 B:10.28 G:2643 S:0.03758 I:0.01334 (0.4816)
                      Deriv:  B:0.031 G:1.8 S:0.0015 I:0.014
Iter  287: 2653.14 	 B:10.27 G:2643 S:0.0376 I:0.01333 (0.4816)
                      Deriv:  B:0.031 G:1.8 S:0.0015 I:0.014
Iter  288: 2652.49 	 B:10.27 G:2642 S:0.0377 I:0.01347 (0.4815)
                      Deriv:  B:0.031 G:5.4 S:0.0015 I:0.015
Iter  289: 2651.89 	 B:10.27 G:2642 S:0.03782 I:0.01379 (0.4745)
                      Deriv:  B:0.031 G:1.4 S:0.0015 I:0.017
Iter  290: 2651.24 	 B:10.27 G:2641 S:0.03795 I:0.03364 (0.2978)
                      Deriv:  B:0.031 G:1.7 S:0.0015 I:0.35
Iter  291: 2650.83 	 B:10.29 G:2640 S:0.03803 I:0.115 (0.236)
                      Deriv:  B:0.031 G:1.2 S:0.0015 I:1.9
Iter  292: 2650.61 	 B:10.3 G:2640 S:0.03806 I:0.03199 (0.3281)
                      Deriv:  B:0.031 G:0.21 S:0.0015 I:0.46
Iter  293: 2650.59 	 B:10.29 G:2640 S:0.03806 I:0.01629 (0.416)
                      Deriv:  B:0.031 G:0.11 S:0.0015 I:0.029
Iter  294: 2650.42 	 B:10.29 G:2640 S:0.03805 I:0.01436 (0.4528)
                      Deriv:  B:0.031 G:0.64 S:0.0015 I:0.017
Iter  295: 2650.19 	 B:10.29 G:2640 S:0.03806 I:0.01379 (0.477)
                      Deriv:  B:0.031 G:0.56 S:0.0015 I:0.017
Iter  296: 2650.17 	 B:10.3 G:2640 S:0.03811 I:0.01395 (0.461)
                      Deriv:  B:0.031 G:0.081 S:0.0015 I:0.018
Iter  297: 2650.17 	 B:10.3 G:2640 S:0.03811 I:0.01387 (0.4637)
                      Deriv:  B:0.031 G:0.023 S:0.0015 I:0.017
Iter  298: 2650.16 	 B:10.3 G:2640 S:0.03811 I:0.01368 (0.4722)
                      Deriv:  B:0.031 G:0.059 S:0.0015 I:0.015
Iter  299: 2650.16 	 B:10.29 G:2640 S:0.03811 I:0.01357 (0.4797)
                      Deriv:  B:0.031 G:0.07 S:0.0015 I:0.015
Iter  300: 2650.16 	 B:10.29 G:2640 S:0.03811 I:0.0135 (0.4813)
Movement: 0.162704    2.62624
This code is modified by June Sic Kim at 30/04/2004
Elapsed time in calibrate_white (614) and children:
408.87 sec (user) + 0.88 sec (system) = 409.75 sec (total)
