mincbet /mnt/scratch/evans/riouxpie/GridShare/12/48/11/enikelski-Civet-T124811/civet_out/batman-20050408/final/HCLab_batman-20050408_t1_final.mnc /ltmp/riouxpie/remove_skull_12984//bet_t1 -n -m -h 1.15 -f 0.50
hist_min=0.000000 thresh2=4.206347 thresh=18.725027 thresh98=92.811005 hist_max=135.688595
THRESHOLD 18.725027
CofG (76.493445,107.741519,89.740329) mm
RADIUS 89.945805
MEDIANVAL 59.331284
UPPER THRESHOLD 92.811005
self-intersection total = 264148.388015 (threshold=1000.000000)
thus will rerun with higher smoothness constraint
CofG (82.812286,108.008469,93.776890) mm
self-intersection total = 136848.946597 (threshold=1000.000000)
thus will rerun with higher smoothness constraint
CofG (82.667511,106.975364,92.643625) mm
self-intersection total = 48.663047 (threshold=1000.000000)
mv -f /ltmp/riouxpie/remove_skull_12984//bet_t1_mask.mnc /ltmp/riouxpie/remove_skull_12984//bet_mask.mnc
dilate_volume /ltmp/riouxpie/remove_skull_12984//bet_mask.mnc /ltmp/riouxpie/remove_skull_12984//bet_filled.mnc 1 6 1
74599
mincdefrag /ltmp/riouxpie/remove_skull_12984//bet_filled.mnc /ltmp/riouxpie/remove_skull_12984//bet_filled.mnc 0 6
Kept total of 5229473 voxels of label 0
Removed total of 0 voxels of label 0
dilate_volume /ltmp/riouxpie/remove_skull_12984//bet_filled.mnc /ltmp/riouxpie/remove_skull_12984//bet_filled.mnc 0 6 2
73317
71983
minccalc -clobber -expression if(A[0]+A[1]>0.5){out=1;}else{out=0;} /ltmp/riouxpie/remove_skull_12984//bet_mask.mnc /ltmp/riouxpie/remove_skull_12984//bet_filled.mnc /ltmp/riouxpie/remove_skull_12984//bet_mask_temp.mnc
Processing:.....................................................................................................................................................................................Done
mincresample -clobber -byte -nearest_neighbour -like /mnt/scratch/evans/riouxpie/GridShare/12/48/11/enikelski-Civet-T124811/civet_out/batman-20050408/final/HCLab_batman-20050408_t1_final.mnc /ltmp/riouxpie/remove_skull_12984//bet_mask_temp.mnc /mnt/scratch/evans/riouxpie/GridShare/12/48/11/enikelski-Civet-T124811/civet_out/batman-20050408/mask/HCLab_batman-20050408_skull_mask.mnc
Transforming slices:.....................................................................................................................................................................................Done
Elapsed time in remove_skull (12984) and children:
46.46 sec (user) + 0.24 sec (system) = 46.7 sec (total)
