[riouxpie@cs088:/mnt/scratch/evans/riouxpie/GridShare/12/48/11/enikelski-Civet-T124811/] [2011-12-27 20:24:03] running:
  /home/riouxpie/tools/CIVET/Feb-2010-a/bin/create_verify_image /mnt/scratch/evans/riouxpie/GridShare/12/48/11/enikelski-Civet-T124811/civet_out/batman-20050408/verify/HCLab_batman-20050408_verify.png -clobber -width 1200 -row color:gray title:@/mnt/scratch/evans/riouxpie/GridShare/12/48/11/enikelski-Civet-T124811/civet_out/batman-20050408/verify/HCLab_batman-20050408_brainmask_qc.txt overlay:/home/riouxpie/tools/CIVET/Feb-2010-a/share/mni-models//icbm_avg_152_t1_tal_nlin_symmetric_VI_mask.obj:red:1.0 /mnt/scratch/evans/riouxpie/GridShare/12/48/11/enikelski-Civet-T124811/civet_out/batman-20050408/temp/HCLab_batman-20050408_skull_mask_native_stx.mnc -row color:gray 'title:t1 final image HCLab_batman-20050408_t1_final.mnc (native at  1.00 x  1.00 x  1.00 mm)' overlay:/home/riouxpie/tools/CIVET/Feb-2010-a/share/mni-models//icbm_avg_152_t1_tal_nlin_symmetric_VI_mask.obj:red:1.0 /mnt/scratch/evans/riouxpie/GridShare/12/48/11/enikelski-Civet-T124811/civet_out/batman-20050408/final/HCLab_batman-20050408_t1_final.mnc -row color:gray 'title:t1 non-linear registration to icbm_avg_152_t1_tal_nlin_symmetric_VI' overlay:/home/riouxpie/tools/CIVET/Feb-2010-a/share/mni-models//icbm_avg_152_t1_tal_nlin_symmetric_VI_mask.obj:red:1.0 /mnt/scratch/evans/riouxpie/GridShare/12/48/11/enikelski-Civet-T124811/civet_out/batman-20050408/final/HCLab_batman-20050408_t1_nl.mnc -row color:gray title:@/mnt/scratch/evans/riouxpie/GridShare/12/48/11/enikelski-Civet-T124811/civet_out/batman-20050408/verify/HCLab_batman-20050408_classify_qc.txt /mnt/scratch/evans/riouxpie/GridShare/12/48/11/enikelski-Civet-T124811/civet_out/batman-20050408/classify/HCLab_batman-20050408_pve_classify.mnc -row color:gray title:@/mnt/scratch/evans/riouxpie/GridShare/12/48/11/enikelski-Civet-T124811/civet_out/batman-20050408/verify/HCLab_batman-20050408_surface_qc.txt overlay:/mnt/scratch/evans/riouxpie/GridShare/12/48/11/enikelski-Civet-T124811/civet_out/batman-20050408/surfaces/HCLab_batman-20050408_white_surface_left_81920.obj:blue:0.5 overlay:/mnt/scratch/evans/riouxpie/GridShare/12/48/11/enikelski-Civet-T124811/civet_out/batman-20050408/surfaces/HCLab_batman-20050408_gray_surface_left_81920.obj:red:0.5 overlay:/mnt/scratch/evans/riouxpie/GridShare/12/48/11/enikelski-Civet-T124811/civet_out/batman-20050408/surfaces/HCLab_batman-20050408_white_surface_right_81920.obj:blue:0.5 overlay:/mnt/scratch/evans/riouxpie/GridShare/12/48/11/enikelski-Civet-T124811/civet_out/batman-20050408/surfaces/HCLab_batman-20050408_gray_surface_right_81920.obj:red:0.5 /mnt/scratch/evans/riouxpie/GridShare/12/48/11/enikelski-Civet-T124811/civet_out/batman-20050408/classify/HCLab_batman-20050408_pve_classify.mnc


----------------------
Row:     0
Volume:  /mnt/scratch/evans/riouxpie/GridShare/12/48/11/enikelski-Civet-T124811/civet_out/batman-20050408/temp/HCLab_batman-20050408_skull_mask_native_stx.mnc
[create_verify_image] [riouxpie@cs088:/mnt/scratch/evans/riouxpie/GridShare/12/48/11/enikelski-Civet-T124811] [2011-12-27 20:24:03] /home/riouxpie/tools/CIVET/Feb-2010-a/bin/volume_stats -quiet -none -pctT 0.1 /mnt/scratch/evans/riouxpie/GridShare/12/48/11/enikelski-Civet-T124811/civet_out/batman-20050408/temp/HCLab_batman-20050408_skull_mask_native_stx.mnc
Color:   map: 0 min: -0.00196078 max: 0.998039 type: gray
Overlay: value: red file: /home/riouxpie/tools/CIVET/Feb-2010-a/share/mni-models//icbm_avg_152_t1_tal_nlin_symmetric_VI_mask.obj type: obj thick: 1.0
----------------------

----------------------
Row:     1
Volume:  /mnt/scratch/evans/riouxpie/GridShare/12/48/11/enikelski-Civet-T124811/civet_out/batman-20050408/final/HCLab_batman-20050408_t1_final.mnc
[create_verify_image] [riouxpie@cs088:/mnt/scratch/evans/riouxpie/GridShare/12/48/11/enikelski-Civet-T124811] [2011-12-27 20:24:03] /home/riouxpie/tools/CIVET/Feb-2010-a/bin/volume_stats -quiet -none -pctT 0.1 /mnt/scratch/evans/riouxpie/GridShare/12/48/11/enikelski-Civet-T124811/civet_out/batman-20050408/final/HCLab_batman-20050408_t1_final.mnc
Color:   map: 0 min: -0.0205299 max: 158.675 type: gray
Overlay: value: red file: /home/riouxpie/tools/CIVET/Feb-2010-a/share/mni-models//icbm_avg_152_t1_tal_nlin_symmetric_VI_mask.obj type: obj thick: 1.0
----------------------

----------------------
Row:     2
Volume:  /mnt/scratch/evans/riouxpie/GridShare/12/48/11/enikelski-Civet-T124811/civet_out/batman-20050408/final/HCLab_batman-20050408_t1_nl.mnc
[create_verify_image] [riouxpie@cs088:/mnt/scratch/evans/riouxpie/GridShare/12/48/11/enikelski-Civet-T124811] [2011-12-27 20:24:04] /home/riouxpie/tools/CIVET/Feb-2010-a/bin/volume_stats -quiet -none -pctT 0.1 /mnt/scratch/evans/riouxpie/GridShare/12/48/11/enikelski-Civet-T124811/civet_out/batman-20050408/final/HCLab_batman-20050408_t1_nl.mnc
Color:   map: 0 min: -0.278866 max: 155.201 type: gray
Overlay: value: red file: /home/riouxpie/tools/CIVET/Feb-2010-a/share/mni-models//icbm_avg_152_t1_tal_nlin_symmetric_VI_mask.obj type: obj thick: 1.0
----------------------

----------------------
Row:     3
Volume:  /mnt/scratch/evans/riouxpie/GridShare/12/48/11/enikelski-Civet-T124811/civet_out/batman-20050408/classify/HCLab_batman-20050408_pve_classify.mnc
[create_verify_image] [riouxpie@cs088:/mnt/scratch/evans/riouxpie/GridShare/12/48/11/enikelski-Civet-T124811] [2011-12-27 20:24:05] /home/riouxpie/tools/CIVET/Feb-2010-a/bin/volume_stats -quiet -none -pctT 0.1 /mnt/scratch/evans/riouxpie/GridShare/12/48/11/enikelski-Civet-T124811/civet_out/batman-20050408/classify/HCLab_batman-20050408_pve_classify.mnc
Color:   map: 0 min: -0.0003663 max: 2.99963 type: gray
----------------------

----------------------
Row:     4
Volume:  /mnt/scratch/evans/riouxpie/GridShare/12/48/11/enikelski-Civet-T124811/civet_out/batman-20050408/classify/HCLab_batman-20050408_pve_classify.mnc
Color:   map: 0 min: -0.0003663 max: 2.99963 type: gray
Overlay: value: blue file: /mnt/scratch/evans/riouxpie/GridShare/12/48/11/enikelski-Civet-T124811/civet_out/batman-20050408/surfaces/HCLab_batman-20050408_white_surface_left_81920.obj type: obj thick: 0.5
Overlay: value: red file: /mnt/scratch/evans/riouxpie/GridShare/12/48/11/enikelski-Civet-T124811/civet_out/batman-20050408/surfaces/HCLab_batman-20050408_gray_surface_left_81920.obj type: obj thick: 0.5
Overlay: value: blue file: /mnt/scratch/evans/riouxpie/GridShare/12/48/11/enikelski-Civet-T124811/civet_out/batman-20050408/surfaces/HCLab_batman-20050408_white_surface_right_81920.obj type: obj thick: 0.5
Overlay: value: red file: /mnt/scratch/evans/riouxpie/GridShare/12/48/11/enikelski-Civet-T124811/civet_out/batman-20050408/surfaces/HCLab_batman-20050408_gray_surface_right_81920.obj type: obj thick: 0.5
----------------------
Plane: t Slice: -35
Plane: t Slice: 10
Plane: t Slice: 65
Plane: s Slice: -30
Plane: s Slice: 60
Plane: c Slice: -90
Plane: c Slice: -25
Plane: c Slice: 30
================ Processing row 0 =================
[create_verify_image] [riouxpie@cs088:/mnt/scratch/evans/riouxpie/GridShare/12/48/11/enikelski-Civet-T124811] [2011-12-27 20:24:05] /home/riouxpie/tools/CIVET/Feb-2010-a/bin/set_object_colour /home/riouxpie/tools/CIVET/Feb-2010-a/share/mni-models//icbm_avg_152_t1_tal_nlin_symmetric_VI_mask.obj /ltmp/riouxpie/create_verify_image_10039/icbm_avg_152_t1_tal_nlin_symmetric_VI_mask.obj_red red
================ Processing row 1 =================
[create_verify_image] [riouxpie@cs088:/mnt/scratch/evans/riouxpie/GridShare/12/48/11/enikelski-Civet-T124811] [2011-12-27 20:24:05] /home/riouxpie/tools/CIVET/Feb-2010-a/bin/set_object_colour /home/riouxpie/tools/CIVET/Feb-2010-a/share/mni-models//icbm_avg_152_t1_tal_nlin_symmetric_VI_mask.obj /ltmp/riouxpie/create_verify_image_10039/icbm_avg_152_t1_tal_nlin_symmetric_VI_mask.obj_red_ red
================ Processing row 2 =================
[create_verify_image] [riouxpie@cs088:/mnt/scratch/evans/riouxpie/GridShare/12/48/11/enikelski-Civet-T124811] [2011-12-27 20:24:05] /home/riouxpie/tools/CIVET/Feb-2010-a/bin/set_object_colour /home/riouxpie/tools/CIVET/Feb-2010-a/share/mni-models//icbm_avg_152_t1_tal_nlin_symmetric_VI_mask.obj /ltmp/riouxpie/create_verify_image_10039/icbm_avg_152_t1_tal_nlin_symmetric_VI_mask.obj_red__ red
================ Processing row 3 =================
================ Processing row 4 =================
[create_verify_image] [riouxpie@cs088:/mnt/scratch/evans/riouxpie/GridShare/12/48/11/enikelski-Civet-T124811] [2011-12-27 20:24:05] /home/riouxpie/tools/CIVET/Feb-2010-a/bin/set_object_colour /mnt/scratch/evans/riouxpie/GridShare/12/48/11/enikelski-Civet-T124811/civet_out/batman-20050408/surfaces/HCLab_batman-20050408_white_surface_left_81920.obj /ltmp/riouxpie/create_verify_image_10039/HCLab_batman-20050408_white_surface_left_81920.obj_blue blue
[create_verify_image] [riouxpie@cs088:/mnt/scratch/evans/riouxpie/GridShare/12/48/11/enikelski-Civet-T124811] [2011-12-27 20:24:06] /home/riouxpie/tools/CIVET/Feb-2010-a/bin/set_object_colour /mnt/scratch/evans/riouxpie/GridShare/12/48/11/enikelski-Civet-T124811/civet_out/batman-20050408/surfaces/HCLab_batman-20050408_gray_surface_left_81920.obj /ltmp/riouxpie/create_verify_image_10039/HCLab_batman-20050408_gray_surface_left_81920.obj_red red
[create_verify_image] [riouxpie@cs088:/mnt/scratch/evans/riouxpie/GridShare/12/48/11/enikelski-Civet-T124811] [2011-12-27 20:24:06] /home/riouxpie/tools/CIVET/Feb-2010-a/bin/set_object_colour /mnt/scratch/evans/riouxpie/GridShare/12/48/11/enikelski-Civet-T124811/civet_out/batman-20050408/surfaces/HCLab_batman-20050408_white_surface_right_81920.obj /ltmp/riouxpie/create_verify_image_10039/HCLab_batman-20050408_white_surface_right_81920.obj_blue blue
[create_verify_image] [riouxpie@cs088:/mnt/scratch/evans/riouxpie/GridShare/12/48/11/enikelski-Civet-T124811] [2011-12-27 20:24:06] /home/riouxpie/tools/CIVET/Feb-2010-a/bin/set_object_colour /mnt/scratch/evans/riouxpie/GridShare/12/48/11/enikelski-Civet-T124811/civet_out/batman-20050408/surfaces/HCLab_batman-20050408_gray_surface_right_81920.obj /ltmp/riouxpie/create_verify_image_10039/HCLab_batman-20050408_gray_surface_right_81920.obj_red red
make_slice /mnt/scratch/evans/riouxpie/GridShare/12/48/11/enikelski-Civet-T124811/civet_out/batman-20050408/classify/HCLab_batman-20050408_pve_classify.mnc /tmp/ILT_tmp_10039_0.obj 0 30 0 0 1 0
plane_polygon_intersect /ltmp/riouxpie/create_verify_image_10039/HCLab_batman-20050408_white_surface_left_81920.obj_blue /tmp/ILT_tmp_10039_1.obj 0 1 0 0 30 0
plane_polygon_intersect /ltmp/riouxpie/create_verify_image_10039/HCLab_batman-20050408_gray_surface_left_81920.obj_red /tmp/ILT_tmp_10039_2.obj 0 1 0 0 30 0
plane_polygon_intersect /ltmp/riouxpie/create_verify_image_10039/HCLab_batman-20050408_white_surface_right_81920.obj_blue /tmp/ILT_tmp_10039_3.obj 0 1 0 0 30 0
plane_polygon_intersect /ltmp/riouxpie/create_verify_image_10039/HCLab_batman-20050408_gray_surface_right_81920.obj_red /tmp/ILT_tmp_10039_4.obj 0 1 0 0 30 0
make_slice /mnt/scratch/evans/riouxpie/GridShare/12/48/11/enikelski-Civet-T124811/civet_out/batman-20050408/classify/HCLab_batman-20050408_pve_classify.mnc /tmp/ILT_tmp_10039_5.obj 0 -25 0 0 1 0
plane_polygon_intersect /ltmp/riouxpie/create_verify_image_10039/HCLab_batman-20050408_white_surface_left_81920.obj_blue /tmp/ILT_tmp_10039_6.obj 0 1 0 0 -25 0
plane_polygon_intersect /ltmp/riouxpie/create_verify_image_10039/HCLab_batman-20050408_gray_surface_left_81920.obj_red /tmp/ILT_tmp_10039_7.obj 0 1 0 0 -25 0
plane_polygon_intersect /ltmp/riouxpie/create_verify_image_10039/HCLab_batman-20050408_white_surface_right_81920.obj_blue /tmp/ILT_tmp_10039_8.obj 0 1 0 0 -25 0
plane_polygon_intersect /ltmp/riouxpie/create_verify_image_10039/HCLab_batman-20050408_gray_surface_right_81920.obj_red /tmp/ILT_tmp_10039_9.obj 0 1 0 0 -25 0
make_slice /mnt/scratch/evans/riouxpie/GridShare/12/48/11/enikelski-Civet-T124811/civet_out/batman-20050408/classify/HCLab_batman-20050408_pve_classify.mnc /tmp/ILT_tmp_10039_10.obj 0 -90 0 0 1 0
plane_polygon_intersect /ltmp/riouxpie/create_verify_image_10039/HCLab_batman-20050408_white_surface_left_81920.obj_blue /tmp/ILT_tmp_10039_11.obj 0 1 0 0 -90 0
plane_polygon_intersect /ltmp/riouxpie/create_verify_image_10039/HCLab_batman-20050408_gray_surface_left_81920.obj_red /tmp/ILT_tmp_10039_12.obj 0 1 0 0 -90 0
plane_polygon_intersect /ltmp/riouxpie/create_verify_image_10039/HCLab_batman-20050408_white_surface_right_81920.obj_blue /tmp/ILT_tmp_10039_13.obj 0 1 0 0 -90 0
plane_polygon_intersect /ltmp/riouxpie/create_verify_image_10039/HCLab_batman-20050408_gray_surface_right_81920.obj_red /tmp/ILT_tmp_10039_14.obj 0 1 0 0 -90 0
make_slice /mnt/scratch/evans/riouxpie/GridShare/12/48/11/enikelski-Civet-T124811/civet_out/batman-20050408/classify/HCLab_batman-20050408_pve_classify.mnc /tmp/ILT_tmp_10039_15.obj 60 0 0 1 0 0
plane_polygon_intersect /ltmp/riouxpie/create_verify_image_10039/HCLab_batman-20050408_white_surface_left_81920.obj_blue /tmp/ILT_tmp_10039_16.obj 1 0 0 60 0 0
plane_polygon_intersect /ltmp/riouxpie/create_verify_image_10039/HCLab_batman-20050408_gray_surface_left_81920.obj_red /tmp/ILT_tmp_10039_17.obj 1 0 0 60 0 0
plane_polygon_intersect /ltmp/riouxpie/create_verify_image_10039/HCLab_batman-20050408_white_surface_right_81920.obj_blue /tmp/ILT_tmp_10039_18.obj 1 0 0 60 0 0
plane_polygon_intersect /ltmp/riouxpie/create_verify_image_10039/HCLab_batman-20050408_gray_surface_right_81920.obj_red /tmp/ILT_tmp_10039_19.obj 1 0 0 60 0 0
make_slice /mnt/scratch/evans/riouxpie/GridShare/12/48/11/enikelski-Civet-T124811/civet_out/batman-20050408/classify/HCLab_batman-20050408_pve_classify.mnc /tmp/ILT_tmp_10039_20.obj -30 0 0 1 0 0
plane_polygon_intersect /ltmp/riouxpie/create_verify_image_10039/HCLab_batman-20050408_white_surface_left_81920.obj_blue /tmp/ILT_tmp_10039_21.obj 1 0 0 -30 0 0
plane_polygon_intersect /ltmp/riouxpie/create_verify_image_10039/HCLab_batman-20050408_gray_surface_left_81920.obj_red /tmp/ILT_tmp_10039_22.obj 1 0 0 -30 0 0
plane_polygon_intersect /ltmp/riouxpie/create_verify_image_10039/HCLab_batman-20050408_white_surface_right_81920.obj_blue /tmp/ILT_tmp_10039_23.obj 1 0 0 -30 0 0
plane_polygon_intersect /ltmp/riouxpie/create_verify_image_10039/HCLab_batman-20050408_gray_surface_right_81920.obj_red /tmp/ILT_tmp_10039_24.obj 1 0 0 -30 0 0
make_slice /mnt/scratch/evans/riouxpie/GridShare/12/48/11/enikelski-Civet-T124811/civet_out/batman-20050408/classify/HCLab_batman-20050408_pve_classify.mnc /tmp/ILT_tmp_10039_25.obj 0 0 65 0 0 1
plane_polygon_intersect /ltmp/riouxpie/create_verify_image_10039/HCLab_batman-20050408_white_surface_left_81920.obj_blue /tmp/ILT_tmp_10039_26.obj 0 0 1 0 0 65
plane_polygon_intersect /ltmp/riouxpie/create_verify_image_10039/HCLab_batman-20050408_gray_surface_left_81920.obj_red /tmp/ILT_tmp_10039_27.obj 0 0 1 0 0 65
plane_polygon_intersect /ltmp/riouxpie/create_verify_image_10039/HCLab_batman-20050408_white_surface_right_81920.obj_blue /tmp/ILT_tmp_10039_28.obj 0 0 1 0 0 65
plane_polygon_intersect /ltmp/riouxpie/create_verify_image_10039/HCLab_batman-20050408_gray_surface_right_81920.obj_red /tmp/ILT_tmp_10039_29.obj 0 0 1 0 0 65
make_slice /mnt/scratch/evans/riouxpie/GridShare/12/48/11/enikelski-Civet-T124811/civet_out/batman-20050408/classify/HCLab_batman-20050408_pve_classify.mnc /tmp/ILT_tmp_10039_30.obj 0 0 10 0 0 1
plane_polygon_intersect /ltmp/riouxpie/create_verify_image_10039/HCLab_batman-20050408_white_surface_left_81920.obj_blue /tmp/ILT_tmp_10039_31.obj 0 0 1 0 0 10
plane_polygon_intersect /ltmp/riouxpie/create_verify_image_10039/HCLab_batman-20050408_gray_surface_left_81920.obj_red /tmp/ILT_tmp_10039_32.obj 0 0 1 0 0 10
plane_polygon_intersect /ltmp/riouxpie/create_verify_image_10039/HCLab_batman-20050408_white_surface_right_81920.obj_blue /tmp/ILT_tmp_10039_33.obj 0 0 1 0 0 10
plane_polygon_intersect /ltmp/riouxpie/create_verify_image_10039/HCLab_batman-20050408_gray_surface_right_81920.obj_red /tmp/ILT_tmp_10039_34.obj 0 0 1 0 0 10
make_slice /mnt/scratch/evans/riouxpie/GridShare/12/48/11/enikelski-Civet-T124811/civet_out/batman-20050408/classify/HCLab_batman-20050408_pve_classify.mnc /tmp/ILT_tmp_10039_35.obj 0 0 -35 0 0 1
plane_polygon_intersect /ltmp/riouxpie/create_verify_image_10039/HCLab_batman-20050408_white_surface_left_81920.obj_blue /tmp/ILT_tmp_10039_36.obj 0 0 1 0 0 -35
plane_polygon_intersect /ltmp/riouxpie/create_verify_image_10039/HCLab_batman-20050408_gray_surface_left_81920.obj_red /tmp/ILT_tmp_10039_37.obj 0 0 1 0 0 -35
plane_polygon_intersect /ltmp/riouxpie/create_verify_image_10039/HCLab_batman-20050408_white_surface_right_81920.obj_blue /tmp/ILT_tmp_10039_38.obj 0 0 1 0 0 -35
plane_polygon_intersect /ltmp/riouxpie/create_verify_image_10039/HCLab_batman-20050408_gray_surface_right_81920.obj_red /tmp/ILT_tmp_10039_39.obj 0 0 1 0 0 -35
make_slice /mnt/scratch/evans/riouxpie/GridShare/12/48/11/enikelski-Civet-T124811/civet_out/batman-20050408/classify/HCLab_batman-20050408_pve_classify.mnc /tmp/ILT_tmp_10039_40.obj 0 30 0 0 1 0
make_slice /mnt/scratch/evans/riouxpie/GridShare/12/48/11/enikelski-Civet-T124811/civet_out/batman-20050408/classify/HCLab_batman-20050408_pve_classify.mnc /tmp/ILT_tmp_10039_41.obj 0 -25 0 0 1 0
make_slice /mnt/scratch/evans/riouxpie/GridShare/12/48/11/enikelski-Civet-T124811/civet_out/batman-20050408/classify/HCLab_batman-20050408_pve_classify.mnc /tmp/ILT_tmp_10039_42.obj 0 -90 0 0 1 0
make_slice /mnt/scratch/evans/riouxpie/GridShare/12/48/11/enikelski-Civet-T124811/civet_out/batman-20050408/classify/HCLab_batman-20050408_pve_classify.mnc /tmp/ILT_tmp_10039_43.obj 60 0 0 1 0 0
make_slice /mnt/scratch/evans/riouxpie/GridShare/12/48/11/enikelski-Civet-T124811/civet_out/batman-20050408/classify/HCLab_batman-20050408_pve_classify.mnc /tmp/ILT_tmp_10039_44.obj -30 0 0 1 0 0
make_slice /mnt/scratch/evans/riouxpie/GridShare/12/48/11/enikelski-Civet-T124811/civet_out/batman-20050408/classify/HCLab_batman-20050408_pve_classify.mnc /tmp/ILT_tmp_10039_45.obj 0 0 65 0 0 1
make_slice /mnt/scratch/evans/riouxpie/GridShare/12/48/11/enikelski-Civet-T124811/civet_out/batman-20050408/classify/HCLab_batman-20050408_pve_classify.mnc /tmp/ILT_tmp_10039_46.obj 0 0 10 0 0 1
make_slice /mnt/scratch/evans/riouxpie/GridShare/12/48/11/enikelski-Civet-T124811/civet_out/batman-20050408/classify/HCLab_batman-20050408_pve_classify.mnc /tmp/ILT_tmp_10039_47.obj 0 0 -35 0 0 1
make_slice /mnt/scratch/evans/riouxpie/GridShare/12/48/11/enikelski-Civet-T124811/civet_out/batman-20050408/final/HCLab_batman-20050408_t1_nl.mnc /tmp/ILT_tmp_10039_48.obj 0 30 0 0 1 0
plane_polygon_intersect /ltmp/riouxpie/create_verify_image_10039/icbm_avg_152_t1_tal_nlin_symmetric_VI_mask.obj_red__ /tmp/ILT_tmp_10039_49.obj 0 1 0 0 30 0
make_slice /mnt/scratch/evans/riouxpie/GridShare/12/48/11/enikelski-Civet-T124811/civet_out/batman-20050408/final/HCLab_batman-20050408_t1_nl.mnc /tmp/ILT_tmp_10039_50.obj 0 -25 0 0 1 0
plane_polygon_intersect /ltmp/riouxpie/create_verify_image_10039/icbm_avg_152_t1_tal_nlin_symmetric_VI_mask.obj_red__ /tmp/ILT_tmp_10039_51.obj 0 1 0 0 -25 0
make_slice /mnt/scratch/evans/riouxpie/GridShare/12/48/11/enikelski-Civet-T124811/civet_out/batman-20050408/final/HCLab_batman-20050408_t1_nl.mnc /tmp/ILT_tmp_10039_52.obj 0 -90 0 0 1 0
plane_polygon_intersect /ltmp/riouxpie/create_verify_image_10039/icbm_avg_152_t1_tal_nlin_symmetric_VI_mask.obj_red__ /tmp/ILT_tmp_10039_53.obj 0 1 0 0 -90 0
make_slice /mnt/scratch/evans/riouxpie/GridShare/12/48/11/enikelski-Civet-T124811/civet_out/batman-20050408/final/HCLab_batman-20050408_t1_nl.mnc /tmp/ILT_tmp_10039_54.obj 60 0 0 1 0 0
plane_polygon_intersect /ltmp/riouxpie/create_verify_image_10039/icbm_avg_152_t1_tal_nlin_symmetric_VI_mask.obj_red__ /tmp/ILT_tmp_10039_55.obj 1 0 0 60 0 0
make_slice /mnt/scratch/evans/riouxpie/GridShare/12/48/11/enikelski-Civet-T124811/civet_out/batman-20050408/final/HCLab_batman-20050408_t1_nl.mnc /tmp/ILT_tmp_10039_56.obj -30 0 0 1 0 0
plane_polygon_intersect /ltmp/riouxpie/create_verify_image_10039/icbm_avg_152_t1_tal_nlin_symmetric_VI_mask.obj_red__ /tmp/ILT_tmp_10039_57.obj 1 0 0 -30 0 0
make_slice /mnt/scratch/evans/riouxpie/GridShare/12/48/11/enikelski-Civet-T124811/civet_out/batman-20050408/final/HCLab_batman-20050408_t1_nl.mnc /tmp/ILT_tmp_10039_58.obj 0 0 65 0 0 1
plane_polygon_intersect /ltmp/riouxpie/create_verify_image_10039/icbm_avg_152_t1_tal_nlin_symmetric_VI_mask.obj_red__ /tmp/ILT_tmp_10039_59.obj 0 0 1 0 0 65
make_slice /mnt/scratch/evans/riouxpie/GridShare/12/48/11/enikelski-Civet-T124811/civet_out/batman-20050408/final/HCLab_batman-20050408_t1_nl.mnc /tmp/ILT_tmp_10039_60.obj 0 0 10 0 0 1
plane_polygon_intersect /ltmp/riouxpie/create_verify_image_10039/icbm_avg_152_t1_tal_nlin_symmetric_VI_mask.obj_red__ /tmp/ILT_tmp_10039_61.obj 0 0 1 0 0 10
make_slice /mnt/scratch/evans/riouxpie/GridShare/12/48/11/enikelski-Civet-T124811/civet_out/batman-20050408/final/HCLab_batman-20050408_t1_nl.mnc /tmp/ILT_tmp_10039_62.obj 0 0 -35 0 0 1
plane_polygon_intersect /ltmp/riouxpie/create_verify_image_10039/icbm_avg_152_t1_tal_nlin_symmetric_VI_mask.obj_red__ /tmp/ILT_tmp_10039_63.obj 0 0 1 0 0 -35
make_slice /mnt/scratch/evans/riouxpie/GridShare/12/48/11/enikelski-Civet-T124811/civet_out/batman-20050408/final/HCLab_batman-20050408_t1_final.mnc /tmp/ILT_tmp_10039_64.obj 0 30 0 0 1 0
plane_polygon_intersect /ltmp/riouxpie/create_verify_image_10039/icbm_avg_152_t1_tal_nlin_symmetric_VI_mask.obj_red_ /tmp/ILT_tmp_10039_65.obj 0 1 0 0 30 0
make_slice /mnt/scratch/evans/riouxpie/GridShare/12/48/11/enikelski-Civet-T124811/civet_out/batman-20050408/final/HCLab_batman-20050408_t1_final.mnc /tmp/ILT_tmp_10039_66.obj 0 -25 0 0 1 0
plane_polygon_intersect /ltmp/riouxpie/create_verify_image_10039/icbm_avg_152_t1_tal_nlin_symmetric_VI_mask.obj_red_ /tmp/ILT_tmp_10039_67.obj 0 1 0 0 -25 0
make_slice /mnt/scratch/evans/riouxpie/GridShare/12/48/11/enikelski-Civet-T124811/civet_out/batman-20050408/final/HCLab_batman-20050408_t1_final.mnc /tmp/ILT_tmp_10039_68.obj 0 -90 0 0 1 0
plane_polygon_intersect /ltmp/riouxpie/create_verify_image_10039/icbm_avg_152_t1_tal_nlin_symmetric_VI_mask.obj_red_ /tmp/ILT_tmp_10039_69.obj 0 1 0 0 -90 0
make_slice /mnt/scratch/evans/riouxpie/GridShare/12/48/11/enikelski-Civet-T124811/civet_out/batman-20050408/final/HCLab_batman-20050408_t1_final.mnc /tmp/ILT_tmp_10039_70.obj 60 0 0 1 0 0
plane_polygon_intersect /ltmp/riouxpie/create_verify_image_10039/icbm_avg_152_t1_tal_nlin_symmetric_VI_mask.obj_red_ /tmp/ILT_tmp_10039_71.obj 1 0 0 60 0 0
make_slice /mnt/scratch/evans/riouxpie/GridShare/12/48/11/enikelski-Civet-T124811/civet_out/batman-20050408/final/HCLab_batman-20050408_t1_final.mnc /tmp/ILT_tmp_10039_72.obj -30 0 0 1 0 0
plane_polygon_intersect /ltmp/riouxpie/create_verify_image_10039/icbm_avg_152_t1_tal_nlin_symmetric_VI_mask.obj_red_ /tmp/ILT_tmp_10039_73.obj 1 0 0 -30 0 0
make_slice /mnt/scratch/evans/riouxpie/GridShare/12/48/11/enikelski-Civet-T124811/civet_out/batman-20050408/final/HCLab_batman-20050408_t1_final.mnc /tmp/ILT_tmp_10039_74.obj 0 0 65 0 0 1
plane_polygon_intersect /ltmp/riouxpie/create_verify_image_10039/icbm_avg_152_t1_tal_nlin_symmetric_VI_mask.obj_red_ /tmp/ILT_tmp_10039_75.obj 0 0 1 0 0 65
make_slice /mnt/scratch/evans/riouxpie/GridShare/12/48/11/enikelski-Civet-T124811/civet_out/batman-20050408/final/HCLab_batman-20050408_t1_final.mnc /tmp/ILT_tmp_10039_76.obj 0 0 10 0 0 1
plane_polygon_intersect /ltmp/riouxpie/create_verify_image_10039/icbm_avg_152_t1_tal_nlin_symmetric_VI_mask.obj_red_ /tmp/ILT_tmp_10039_77.obj 0 0 1 0 0 10
make_slice /mnt/scratch/evans/riouxpie/GridShare/12/48/11/enikelski-Civet-T124811/civet_out/batman-20050408/final/HCLab_batman-20050408_t1_final.mnc /tmp/ILT_tmp_10039_78.obj 0 0 -35 0 0 1
plane_polygon_intersect /ltmp/riouxpie/create_verify_image_10039/icbm_avg_152_t1_tal_nlin_symmetric_VI_mask.obj_red_ /tmp/ILT_tmp_10039_79.obj 0 0 1 0 0 -35
make_slice /mnt/scratch/evans/riouxpie/GridShare/12/48/11/enikelski-Civet-T124811/civet_out/batman-20050408/temp/HCLab_batman-20050408_skull_mask_native_stx.mnc /tmp/ILT_tmp_10039_80.obj 0 30 0 0 1 0
plane_polygon_intersect /ltmp/riouxpie/create_verify_image_10039/icbm_avg_152_t1_tal_nlin_symmetric_VI_mask.obj_red /tmp/ILT_tmp_10039_81.obj 0 1 0 0 30 0
make_slice /mnt/scratch/evans/riouxpie/GridShare/12/48/11/enikelski-Civet-T124811/civet_out/batman-20050408/temp/HCLab_batman-20050408_skull_mask_native_stx.mnc /tmp/ILT_tmp_10039_82.obj 0 -25 0 0 1 0
plane_polygon_intersect /ltmp/riouxpie/create_verify_image_10039/icbm_avg_152_t1_tal_nlin_symmetric_VI_mask.obj_red /tmp/ILT_tmp_10039_83.obj 0 1 0 0 -25 0
make_slice /mnt/scratch/evans/riouxpie/GridShare/12/48/11/enikelski-Civet-T124811/civet_out/batman-20050408/temp/HCLab_batman-20050408_skull_mask_native_stx.mnc /tmp/ILT_tmp_10039_84.obj 0 -90 0 0 1 0
plane_polygon_intersect /ltmp/riouxpie/create_verify_image_10039/icbm_avg_152_t1_tal_nlin_symmetric_VI_mask.obj_red /tmp/ILT_tmp_10039_85.obj 0 1 0 0 -90 0
make_slice /mnt/scratch/evans/riouxpie/GridShare/12/48/11/enikelski-Civet-T124811/civet_out/batman-20050408/temp/HCLab_batman-20050408_skull_mask_native_stx.mnc /tmp/ILT_tmp_10039_86.obj 60 0 0 1 0 0
plane_polygon_intersect /ltmp/riouxpie/create_verify_image_10039/icbm_avg_152_t1_tal_nlin_symmetric_VI_mask.obj_red /tmp/ILT_tmp_10039_87.obj 1 0 0 60 0 0
make_slice /mnt/scratch/evans/riouxpie/GridShare/12/48/11/enikelski-Civet-T124811/civet_out/batman-20050408/temp/HCLab_batman-20050408_skull_mask_native_stx.mnc /tmp/ILT_tmp_10039_88.obj -30 0 0 1 0 0
plane_polygon_intersect /ltmp/riouxpie/create_verify_image_10039/icbm_avg_152_t1_tal_nlin_symmetric_VI_mask.obj_red /tmp/ILT_tmp_10039_89.obj 1 0 0 -30 0 0
make_slice /mnt/scratch/evans/riouxpie/GridShare/12/48/11/enikelski-Civet-T124811/civet_out/batman-20050408/temp/HCLab_batman-20050408_skull_mask_native_stx.mnc /tmp/ILT_tmp_10039_90.obj 0 0 65 0 0 1
plane_polygon_intersect /ltmp/riouxpie/create_verify_image_10039/icbm_avg_152_t1_tal_nlin_symmetric_VI_mask.obj_red /tmp/ILT_tmp_10039_91.obj 0 0 1 0 0 65
make_slice /mnt/scratch/evans/riouxpie/GridShare/12/48/11/enikelski-Civet-T124811/civet_out/batman-20050408/temp/HCLab_batman-20050408_skull_mask_native_stx.mnc /tmp/ILT_tmp_10039_92.obj 0 0 10 0 0 1
plane_polygon_intersect /ltmp/riouxpie/create_verify_image_10039/icbm_avg_152_t1_tal_nlin_symmetric_VI_mask.obj_red /tmp/ILT_tmp_10039_93.obj 0 0 1 0 0 10
make_slice /mnt/scratch/evans/riouxpie/GridShare/12/48/11/enikelski-Civet-T124811/civet_out/batman-20050408/temp/HCLab_batman-20050408_skull_mask_native_stx.mnc /tmp/ILT_tmp_10039_94.obj 0 0 -35 0 0 1
plane_polygon_intersect /ltmp/riouxpie/create_verify_image_10039/icbm_avg_152_t1_tal_nlin_symmetric_VI_mask.obj_red /tmp/ILT_tmp_10039_95.obj 0 0 1 0 0 -35
ray_trace -output /tmp/ILT_tmp_10039_96.rgb -nolight -bg 'black'  -size 135 135  -ortho -view 0 1 0 0 0 1  -eye 0 -152 18  -window_width 181   -reverse_order_colouring -under black -over white -gray -0.0003663 2.99963 /mnt/scratch/evans/riouxpie/GridShare/12/48/11/enikelski-Civet-T124811/civet_out/batman-20050408/classify/HCLab_batman-20050408_pve_classify.mnc 0 1  /tmp/ILT_tmp_10039_0.obj  -delete_volume 0  -line_width 0.5 -line_width 0.5  /tmp/ILT_tmp_10039_1.obj   -line_width -1 -line_width -1  -line_width 0.5 -line_width 0.5  /tmp/ILT_tmp_10039_2.obj   -line_width -1 -line_width -1  -line_width 0.5 -line_width 0.5  /tmp/ILT_tmp_10039_3.obj   -line_width -1 -line_width -1  -line_width 0.5 -line_width 0.5  /tmp/ILT_tmp_10039_4.obj   -line_width -1 -line_width -1 
ray_trace -output /tmp/ILT_tmp_10039_97.rgb -nolight -bg 'black'  -size 135 135  -ortho -view 0 1 0 0 0 1  -eye 0 -207 18  -window_width 181   -reverse_order_colouring -under black -over white -gray -0.0003663 2.99963 /mnt/scratch/evans/riouxpie/GridShare/12/48/11/enikelski-Civet-T124811/civet_out/batman-20050408/classify/HCLab_batman-20050408_pve_classify.mnc 0 1  /tmp/ILT_tmp_10039_5.obj  -delete_volume 0  -line_width 0.5 -line_width 0.5  /tmp/ILT_tmp_10039_6.obj   -line_width -1 -line_width -1  -line_width 0.5 -line_width 0.5  /tmp/ILT_tmp_10039_7.obj   -line_width -1 -line_width -1  -line_width 0.5 -line_width 0.5  /tmp/ILT_tmp_10039_8.obj   -line_width -1 -line_width -1  -line_width 0.5 -line_width 0.5  /tmp/ILT_tmp_10039_9.obj   -line_width -1 -line_width -1 
ray_trace -output /tmp/ILT_tmp_10039_98.rgb -nolight -bg 'black'  -size 135 135  -ortho -view 0 1 0 0 0 1  -eye 0 -272 18  -window_width 181   -reverse_order_colouring -under black -over white -gray -0.0003663 2.99963 /mnt/scratch/evans/riouxpie/GridShare/12/48/11/enikelski-Civet-T124811/civet_out/batman-20050408/classify/HCLab_batman-20050408_pve_classify.mnc 0 1  /tmp/ILT_tmp_10039_10.obj  -delete_volume 0  -line_width 0.5 -line_width 0.5  /tmp/ILT_tmp_10039_11.obj   -line_width -1 -line_width -1  -line_width 0.5 -line_width 0.5  /tmp/ILT_tmp_10039_12.obj   -line_width -1 -line_width -1  -line_width 0.5 -line_width 0.5  /tmp/ILT_tmp_10039_13.obj   -line_width -1 -line_width -1  -line_width 0.5 -line_width 0.5  /tmp/ILT_tmp_10039_14.obj   -line_width -1 -line_width -1 
ray_trace -output /tmp/ILT_tmp_10039_99.rgb -nolight -bg 'black'  -size 162 135  -ortho -view -1 0 0 0 0 1  -eye 278 -18 18  -window_width 217.2   -reverse_order_colouring -under black -over white -gray -0.0003663 2.99963 /mnt/scratch/evans/riouxpie/GridShare/12/48/11/enikelski-Civet-T124811/civet_out/batman-20050408/classify/HCLab_batman-20050408_pve_classify.mnc 0 1  /tmp/ILT_tmp_10039_15.obj  -delete_volume 0  -line_width 0.5 -line_width 0.5  /tmp/ILT_tmp_10039_16.obj   -line_width -1 -line_width -1  -line_width 0.5 -line_width 0.5  /tmp/ILT_tmp_10039_17.obj   -line_width -1 -line_width -1  -line_width 0.5 -line_width 0.5  /tmp/ILT_tmp_10039_18.obj   -line_width -1 -line_width -1  -line_width 0.5 -line_width 0.5  /tmp/ILT_tmp_10039_19.obj   -line_width -1 -line_width -1 
ray_trace -output /tmp/ILT_tmp_10039_100.rgb -nolight -bg 'black'  -size 162 135  -ortho -view -1 0 0 0 0 1  -eye 188 -18 18  -window_width 217.2   -reverse_order_colouring -under black -over white -gray -0.0003663 2.99963 /mnt/scratch/evans/riouxpie/GridShare/12/48/11/enikelski-Civet-T124811/civet_out/batman-20050408/classify/HCLab_batman-20050408_pve_classify.mnc 0 1  /tmp/ILT_tmp_10039_20.obj  -delete_volume 0  -line_width 0.5 -line_width 0.5  /tmp/ILT_tmp_10039_21.obj   -line_width -1 -line_width -1  -line_width 0.5 -line_width 0.5  /tmp/ILT_tmp_10039_22.obj   -line_width -1 -line_width -1  -line_width 0.5 -line_width 0.5  /tmp/ILT_tmp_10039_23.obj   -line_width -1 -line_width -1  -line_width 0.5 -line_width 0.5  /tmp/ILT_tmp_10039_24.obj   -line_width -1 -line_width -1 
ray_trace -output /tmp/ILT_tmp_10039_101.rgb -nolight -bg 'black'  -size 135 162  -ortho -view 0 0 -1 0 1 0  -eye 0 -18 283  -window_width 181   -reverse_order_colouring -under black -over white -gray -0.0003663 2.99963 /mnt/scratch/evans/riouxpie/GridShare/12/48/11/enikelski-Civet-T124811/civet_out/batman-20050408/classify/HCLab_batman-20050408_pve_classify.mnc 0 1  /tmp/ILT_tmp_10039_25.obj  -delete_volume 0  -line_width 0.5 -line_width 0.5  /tmp/ILT_tmp_10039_26.obj   -line_width -1 -line_width -1  -line_width 0.5 -line_width 0.5  /tmp/ILT_tmp_10039_27.obj   -line_width -1 -line_width -1  -line_width 0.5 -line_width 0.5  /tmp/ILT_tmp_10039_28.obj   -line_width -1 -line_width -1  -line_width 0.5 -line_width 0.5  /tmp/ILT_tmp_10039_29.obj   -line_width -1 -line_width -1 
ray_trace -output /tmp/ILT_tmp_10039_102.rgb -nolight -bg 'black'  -size 135 162  -ortho -view 0 0 -1 0 1 0  -eye 0 -18 228  -window_width 181   -reverse_order_colouring -under black -over white -gray -0.0003663 2.99963 /mnt/scratch/evans/riouxpie/GridShare/12/48/11/enikelski-Civet-T124811/civet_out/batman-20050408/classify/HCLab_batman-20050408_pve_classify.mnc 0 1  /tmp/ILT_tmp_10039_30.obj  -delete_volume 0  -line_width 0.5 -line_width 0.5  /tmp/ILT_tmp_10039_31.obj   -line_width -1 -line_width -1  -line_width 0.5 -line_width 0.5  /tmp/ILT_tmp_10039_32.obj   -line_width -1 -line_width -1  -line_width 0.5 -line_width 0.5  /tmp/ILT_tmp_10039_33.obj   -line_width -1 -line_width -1  -line_width 0.5 -line_width 0.5  /tmp/ILT_tmp_10039_34.obj   -line_width -1 -line_width -1 
ray_trace -output /tmp/ILT_tmp_10039_103.rgb -nolight -bg 'black'  -size 135 162  -ortho -view 0 0 -1 0 1 0  -eye 0 -18 183  -window_width 181   -reverse_order_colouring -under black -over white -gray -0.0003663 2.99963 /mnt/scratch/evans/riouxpie/GridShare/12/48/11/enikelski-Civet-T124811/civet_out/batman-20050408/classify/HCLab_batman-20050408_pve_classify.mnc 0 1  /tmp/ILT_tmp_10039_35.obj  -delete_volume 0  -line_width 0.5 -line_width 0.5  /tmp/ILT_tmp_10039_36.obj   -line_width -1 -line_width -1  -line_width 0.5 -line_width 0.5  /tmp/ILT_tmp_10039_37.obj   -line_width -1 -line_width -1  -line_width 0.5 -line_width 0.5  /tmp/ILT_tmp_10039_38.obj   -line_width -1 -line_width -1  -line_width 0.5 -line_width 0.5  /tmp/ILT_tmp_10039_39.obj   -line_width -1 -line_width -1 
ray_trace -output /tmp/ILT_tmp_10039_104.rgb -nolight -bg 'black'  -size 135 135  -ortho -view 0 1 0 0 0 1  -eye 0 -152 18  -window_width 181  -reverse_order_colouring -under black -over white -gray -0.0003663 2.99963 /mnt/scratch/evans/riouxpie/GridShare/12/48/11/enikelski-Civet-T124811/civet_out/batman-20050408/classify/HCLab_batman-20050408_pve_classify.mnc 0 1  /tmp/ILT_tmp_10039_40.obj  -delete_volume 0 
ray_trace -output /tmp/ILT_tmp_10039_105.rgb -nolight -bg 'black'  -size 135 135  -ortho -view 0 1 0 0 0 1  -eye 0 -207 18  -window_width 181  -reverse_order_colouring -under black -over white -gray -0.0003663 2.99963 /mnt/scratch/evans/riouxpie/GridShare/12/48/11/enikelski-Civet-T124811/civet_out/batman-20050408/classify/HCLab_batman-20050408_pve_classify.mnc 0 1  /tmp/ILT_tmp_10039_41.obj  -delete_volume 0 
ray_trace -output /tmp/ILT_tmp_10039_106.rgb -nolight -bg 'black'  -size 135 135  -ortho -view 0 1 0 0 0 1  -eye 0 -272 18  -window_width 181  -reverse_order_colouring -under black -over white -gray -0.0003663 2.99963 /mnt/scratch/evans/riouxpie/GridShare/12/48/11/enikelski-Civet-T124811/civet_out/batman-20050408/classify/HCLab_batman-20050408_pve_classify.mnc 0 1  /tmp/ILT_tmp_10039_42.obj  -delete_volume 0 
ray_trace -output /tmp/ILT_tmp_10039_107.rgb -nolight -bg 'black'  -size 162 135  -ortho -view -1 0 0 0 0 1  -eye 278 -18 18  -window_width 217.2  -reverse_order_colouring -under black -over white -gray -0.0003663 2.99963 /mnt/scratch/evans/riouxpie/GridShare/12/48/11/enikelski-Civet-T124811/civet_out/batman-20050408/classify/HCLab_batman-20050408_pve_classify.mnc 0 1  /tmp/ILT_tmp_10039_43.obj  -delete_volume 0 
ray_trace -output /tmp/ILT_tmp_10039_108.rgb -nolight -bg 'black'  -size 162 135  -ortho -view -1 0 0 0 0 1  -eye 188 -18 18  -window_width 217.2  -reverse_order_colouring -under black -over white -gray -0.0003663 2.99963 /mnt/scratch/evans/riouxpie/GridShare/12/48/11/enikelski-Civet-T124811/civet_out/batman-20050408/classify/HCLab_batman-20050408_pve_classify.mnc 0 1  /tmp/ILT_tmp_10039_44.obj  -delete_volume 0 
ray_trace -output /tmp/ILT_tmp_10039_109.rgb -nolight -bg 'black'  -size 135 162  -ortho -view 0 0 -1 0 1 0  -eye 0 -18 283  -window_width 181  -reverse_order_colouring -under black -over white -gray -0.0003663 2.99963 /mnt/scratch/evans/riouxpie/GridShare/12/48/11/enikelski-Civet-T124811/civet_out/batman-20050408/classify/HCLab_batman-20050408_pve_classify.mnc 0 1  /tmp/ILT_tmp_10039_45.obj  -delete_volume 0 
ray_trace -output /tmp/ILT_tmp_10039_110.rgb -nolight -bg 'black'  -size 135 162  -ortho -view 0 0 -1 0 1 0  -eye 0 -18 228  -window_width 181  -reverse_order_colouring -under black -over white -gray -0.0003663 2.99963 /mnt/scratch/evans/riouxpie/GridShare/12/48/11/enikelski-Civet-T124811/civet_out/batman-20050408/classify/HCLab_batman-20050408_pve_classify.mnc 0 1  /tmp/ILT_tmp_10039_46.obj  -delete_volume 0 
ray_trace -output /tmp/ILT_tmp_10039_111.rgb -nolight -bg 'black'  -size 135 162  -ortho -view 0 0 -1 0 1 0  -eye 0 -18 183  -window_width 181  -reverse_order_colouring -under black -over white -gray -0.0003663 2.99963 /mnt/scratch/evans/riouxpie/GridShare/12/48/11/enikelski-Civet-T124811/civet_out/batman-20050408/classify/HCLab_batman-20050408_pve_classify.mnc 0 1  /tmp/ILT_tmp_10039_47.obj  -delete_volume 0 
ray_trace -output /tmp/ILT_tmp_10039_112.rgb -nolight -bg 'black'  -size 135 135  -ortho -view 0 1 0 0 0 1  -eye 0 -152 18  -window_width 181   -reverse_order_colouring -under black -over white -gray -0.278866 155.201 /mnt/scratch/evans/riouxpie/GridShare/12/48/11/enikelski-Civet-T124811/civet_out/batman-20050408/final/HCLab_batman-20050408_t1_nl.mnc 0 1  /tmp/ILT_tmp_10039_48.obj  -delete_volume 0  -line_width 1 -line_width 1  /tmp/ILT_tmp_10039_49.obj   -line_width -1 -line_width -1 
ray_trace -output /tmp/ILT_tmp_10039_113.rgb -nolight -bg 'black'  -size 135 135  -ortho -view 0 1 0 0 0 1  -eye 0 -207 18  -window_width 181   -reverse_order_colouring -under black -over white -gray -0.278866 155.201 /mnt/scratch/evans/riouxpie/GridShare/12/48/11/enikelski-Civet-T124811/civet_out/batman-20050408/final/HCLab_batman-20050408_t1_nl.mnc 0 1  /tmp/ILT_tmp_10039_50.obj  -delete_volume 0  -line_width 1 -line_width 1  /tmp/ILT_tmp_10039_51.obj   -line_width -1 -line_width -1 
ray_trace -output /tmp/ILT_tmp_10039_114.rgb -nolight -bg 'black'  -size 135 135  -ortho -view 0 1 0 0 0 1  -eye 0 -272 18  -window_width 181   -reverse_order_colouring -under black -over white -gray -0.278866 155.201 /mnt/scratch/evans/riouxpie/GridShare/12/48/11/enikelski-Civet-T124811/civet_out/batman-20050408/final/HCLab_batman-20050408_t1_nl.mnc 0 1  /tmp/ILT_tmp_10039_52.obj  -delete_volume 0  -line_width 1 -line_width 1  /tmp/ILT_tmp_10039_53.obj   -line_width -1 -line_width -1 
ray_trace -output /tmp/ILT_tmp_10039_115.rgb -nolight -bg 'black'  -size 162 135  -ortho -view -1 0 0 0 0 1  -eye 278 -18 18  -window_width 217.2   -reverse_order_colouring -under black -over white -gray -0.278866 155.201 /mnt/scratch/evans/riouxpie/GridShare/12/48/11/enikelski-Civet-T124811/civet_out/batman-20050408/final/HCLab_batman-20050408_t1_nl.mnc 0 1  /tmp/ILT_tmp_10039_54.obj  -delete_volume 0  -line_width 1 -line_width 1  /tmp/ILT_tmp_10039_55.obj   -line_width -1 -line_width -1 
ray_trace -output /tmp/ILT_tmp_10039_116.rgb -nolight -bg 'black'  -size 162 135  -ortho -view -1 0 0 0 0 1  -eye 188 -18 18  -window_width 217.2   -reverse_order_colouring -under black -over white -gray -0.278866 155.201 /mnt/scratch/evans/riouxpie/GridShare/12/48/11/enikelski-Civet-T124811/civet_out/batman-20050408/final/HCLab_batman-20050408_t1_nl.mnc 0 1  /tmp/ILT_tmp_10039_56.obj  -delete_volume 0  -line_width 1 -line_width 1  /tmp/ILT_tmp_10039_57.obj   -line_width -1 -line_width -1 
ray_trace -output /tmp/ILT_tmp_10039_117.rgb -nolight -bg 'black'  -size 135 162  -ortho -view 0 0 -1 0 1 0  -eye 0 -18 283  -window_width 181   -reverse_order_colouring -under black -over white -gray -0.278866 155.201 /mnt/scratch/evans/riouxpie/GridShare/12/48/11/enikelski-Civet-T124811/civet_out/batman-20050408/final/HCLab_batman-20050408_t1_nl.mnc 0 1  /tmp/ILT_tmp_10039_58.obj  -delete_volume 0  -line_width 1 -line_width 1  /tmp/ILT_tmp_10039_59.obj   -line_width -1 -line_width -1 
ray_trace -output /tmp/ILT_tmp_10039_118.rgb -nolight -bg 'black'  -size 135 162  -ortho -view 0 0 -1 0 1 0  -eye 0 -18 228  -window_width 181   -reverse_order_colouring -under black -over white -gray -0.278866 155.201 /mnt/scratch/evans/riouxpie/GridShare/12/48/11/enikelski-Civet-T124811/civet_out/batman-20050408/final/HCLab_batman-20050408_t1_nl.mnc 0 1  /tmp/ILT_tmp_10039_60.obj  -delete_volume 0  -line_width 1 -line_width 1  /tmp/ILT_tmp_10039_61.obj   -line_width -1 -line_width -1 
ray_trace -output /tmp/ILT_tmp_10039_119.rgb -nolight -bg 'black'  -size 135 162  -ortho -view 0 0 -1 0 1 0  -eye 0 -18 183  -window_width 181   -reverse_order_colouring -under black -over white -gray -0.278866 155.201 /mnt/scratch/evans/riouxpie/GridShare/12/48/11/enikelski-Civet-T124811/civet_out/batman-20050408/final/HCLab_batman-20050408_t1_nl.mnc 0 1  /tmp/ILT_tmp_10039_62.obj  -delete_volume 0  -line_width 1 -line_width 1  /tmp/ILT_tmp_10039_63.obj   -line_width -1 -line_width -1 
ray_trace -output /tmp/ILT_tmp_10039_120.rgb -nolight -bg 'black'  -size 135 135  -ortho -view 0 1 0 0 0 1  -eye 0 -152 18  -window_width 181   -reverse_order_colouring -under black -over white -gray -0.0205299 158.675 /mnt/scratch/evans/riouxpie/GridShare/12/48/11/enikelski-Civet-T124811/civet_out/batman-20050408/final/HCLab_batman-20050408_t1_final.mnc 0 1  /tmp/ILT_tmp_10039_64.obj  -delete_volume 0  -line_width 1 -line_width 1  /tmp/ILT_tmp_10039_65.obj   -line_width -1 -line_width -1 
ray_trace -output /tmp/ILT_tmp_10039_121.rgb -nolight -bg 'black'  -size 135 135  -ortho -view 0 1 0 0 0 1  -eye 0 -207 18  -window_width 181   -reverse_order_colouring -under black -over white -gray -0.0205299 158.675 /mnt/scratch/evans/riouxpie/GridShare/12/48/11/enikelski-Civet-T124811/civet_out/batman-20050408/final/HCLab_batman-20050408_t1_final.mnc 0 1  /tmp/ILT_tmp_10039_66.obj  -delete_volume 0  -line_width 1 -line_width 1  /tmp/ILT_tmp_10039_67.obj   -line_width -1 -line_width -1 
ray_trace -output /tmp/ILT_tmp_10039_122.rgb -nolight -bg 'black'  -size 135 135  -ortho -view 0 1 0 0 0 1  -eye 0 -272 18  -window_width 181   -reverse_order_colouring -under black -over white -gray -0.0205299 158.675 /mnt/scratch/evans/riouxpie/GridShare/12/48/11/enikelski-Civet-T124811/civet_out/batman-20050408/final/HCLab_batman-20050408_t1_final.mnc 0 1  /tmp/ILT_tmp_10039_68.obj  -delete_volume 0  -line_width 1 -line_width 1  /tmp/ILT_tmp_10039_69.obj   -line_width -1 -line_width -1 
ray_trace -output /tmp/ILT_tmp_10039_123.rgb -nolight -bg 'black'  -size 162 135  -ortho -view -1 0 0 0 0 1  -eye 278 -18 18  -window_width 217.2   -reverse_order_colouring -under black -over white -gray -0.0205299 158.675 /mnt/scratch/evans/riouxpie/GridShare/12/48/11/enikelski-Civet-T124811/civet_out/batman-20050408/final/HCLab_batman-20050408_t1_final.mnc 0 1  /tmp/ILT_tmp_10039_70.obj  -delete_volume 0  -line_width 1 -line_width 1  /tmp/ILT_tmp_10039_71.obj   -line_width -1 -line_width -1 
ray_trace -output /tmp/ILT_tmp_10039_124.rgb -nolight -bg 'black'  -size 162 135  -ortho -view -1 0 0 0 0 1  -eye 188 -18 18  -window_width 217.2   -reverse_order_colouring -under black -over white -gray -0.0205299 158.675 /mnt/scratch/evans/riouxpie/GridShare/12/48/11/enikelski-Civet-T124811/civet_out/batman-20050408/final/HCLab_batman-20050408_t1_final.mnc 0 1  /tmp/ILT_tmp_10039_72.obj  -delete_volume 0  -line_width 1 -line_width 1  /tmp/ILT_tmp_10039_73.obj   -line_width -1 -line_width -1 
ray_trace -output /tmp/ILT_tmp_10039_125.rgb -nolight -bg 'black'  -size 135 162  -ortho -view 0 0 -1 0 1 0  -eye 0 -18 283  -window_width 181   -reverse_order_colouring -under black -over white -gray -0.0205299 158.675 /mnt/scratch/evans/riouxpie/GridShare/12/48/11/enikelski-Civet-T124811/civet_out/batman-20050408/final/HCLab_batman-20050408_t1_final.mnc 0 1  /tmp/ILT_tmp_10039_74.obj  -delete_volume 0  -line_width 1 -line_width 1  /tmp/ILT_tmp_10039_75.obj   -line_width -1 -line_width -1 
ray_trace -output /tmp/ILT_tmp_10039_126.rgb -nolight -bg 'black'  -size 135 162  -ortho -view 0 0 -1 0 1 0  -eye 0 -18 228  -window_width 181   -reverse_order_colouring -under black -over white -gray -0.0205299 158.675 /mnt/scratch/evans/riouxpie/GridShare/12/48/11/enikelski-Civet-T124811/civet_out/batman-20050408/final/HCLab_batman-20050408_t1_final.mnc 0 1  /tmp/ILT_tmp_10039_76.obj  -delete_volume 0  -line_width 1 -line_width 1  /tmp/ILT_tmp_10039_77.obj   -line_width -1 -line_width -1 
ray_trace -output /tmp/ILT_tmp_10039_127.rgb -nolight -bg 'black'  -size 135 162  -ortho -view 0 0 -1 0 1 0  -eye 0 -18 183  -window_width 181   -reverse_order_colouring -under black -over white -gray -0.0205299 158.675 /mnt/scratch/evans/riouxpie/GridShare/12/48/11/enikelski-Civet-T124811/civet_out/batman-20050408/final/HCLab_batman-20050408_t1_final.mnc 0 1  /tmp/ILT_tmp_10039_78.obj  -delete_volume 0  -line_width 1 -line_width 1  /tmp/ILT_tmp_10039_79.obj   -line_width -1 -line_width -1 
ray_trace -output /tmp/ILT_tmp_10039_128.rgb -nolight -bg 'black'  -size 135 135  -ortho -view 0 1 0 0 0 1  -eye 0 -152 18  -window_width 181   -reverse_order_colouring -under black -over white -gray -0.00196078 0.998039 /mnt/scratch/evans/riouxpie/GridShare/12/48/11/enikelski-Civet-T124811/civet_out/batman-20050408/temp/HCLab_batman-20050408_skull_mask_native_stx.mnc 0 1  /tmp/ILT_tmp_10039_80.obj  -delete_volume 0  -line_width 1 -line_width 1  /tmp/ILT_tmp_10039_81.obj   -line_width -1 -line_width -1 
ray_trace -output /tmp/ILT_tmp_10039_129.rgb -nolight -bg 'black'  -size 135 135  -ortho -view 0 1 0 0 0 1  -eye 0 -207 18  -window_width 181   -reverse_order_colouring -under black -over white -gray -0.00196078 0.998039 /mnt/scratch/evans/riouxpie/GridShare/12/48/11/enikelski-Civet-T124811/civet_out/batman-20050408/temp/HCLab_batman-20050408_skull_mask_native_stx.mnc 0 1  /tmp/ILT_tmp_10039_82.obj  -delete_volume 0  -line_width 1 -line_width 1  /tmp/ILT_tmp_10039_83.obj   -line_width -1 -line_width -1 
ray_trace -output /tmp/ILT_tmp_10039_130.rgb -nolight -bg 'black'  -size 135 135  -ortho -view 0 1 0 0 0 1  -eye 0 -272 18  -window_width 181   -reverse_order_colouring -under black -over white -gray -0.00196078 0.998039 /mnt/scratch/evans/riouxpie/GridShare/12/48/11/enikelski-Civet-T124811/civet_out/batman-20050408/temp/HCLab_batman-20050408_skull_mask_native_stx.mnc 0 1  /tmp/ILT_tmp_10039_84.obj  -delete_volume 0  -line_width 1 -line_width 1  /tmp/ILT_tmp_10039_85.obj   -line_width -1 -line_width -1 
ray_trace -output /tmp/ILT_tmp_10039_131.rgb -nolight -bg 'black'  -size 162 135  -ortho -view -1 0 0 0 0 1  -eye 278 -18 18  -window_width 217.2   -reverse_order_colouring -under black -over white -gray -0.00196078 0.998039 /mnt/scratch/evans/riouxpie/GridShare/12/48/11/enikelski-Civet-T124811/civet_out/batman-20050408/temp/HCLab_batman-20050408_skull_mask_native_stx.mnc 0 1  /tmp/ILT_tmp_10039_86.obj  -delete_volume 0  -line_width 1 -line_width 1  /tmp/ILT_tmp_10039_87.obj   -line_width -1 -line_width -1 
ray_trace -output /tmp/ILT_tmp_10039_132.rgb -nolight -bg 'black'  -size 162 135  -ortho -view -1 0 0 0 0 1  -eye 188 -18 18  -window_width 217.2   -reverse_order_colouring -under black -over white -gray -0.00196078 0.998039 /mnt/scratch/evans/riouxpie/GridShare/12/48/11/enikelski-Civet-T124811/civet_out/batman-20050408/temp/HCLab_batman-20050408_skull_mask_native_stx.mnc 0 1  /tmp/ILT_tmp_10039_88.obj  -delete_volume 0  -line_width 1 -line_width 1  /tmp/ILT_tmp_10039_89.obj   -line_width -1 -line_width -1 
ray_trace -output /tmp/ILT_tmp_10039_133.rgb -nolight -bg 'black'  -size 135 162  -ortho -view 0 0 -1 0 1 0  -eye 0 -18 283  -window_width 181   -reverse_order_colouring -under black -over white -gray -0.00196078 0.998039 /mnt/scratch/evans/riouxpie/GridShare/12/48/11/enikelski-Civet-T124811/civet_out/batman-20050408/temp/HCLab_batman-20050408_skull_mask_native_stx.mnc 0 1  /tmp/ILT_tmp_10039_90.obj  -delete_volume 0  -line_width 1 -line_width 1  /tmp/ILT_tmp_10039_91.obj   -line_width -1 -line_width -1 
ray_trace -output /tmp/ILT_tmp_10039_134.rgb -nolight -bg 'black'  -size 135 162  -ortho -view 0 0 -1 0 1 0  -eye 0 -18 228  -window_width 181   -reverse_order_colouring -under black -over white -gray -0.00196078 0.998039 /mnt/scratch/evans/riouxpie/GridShare/12/48/11/enikelski-Civet-T124811/civet_out/batman-20050408/temp/HCLab_batman-20050408_skull_mask_native_stx.mnc 0 1  /tmp/ILT_tmp_10039_92.obj  -delete_volume 0  -line_width 1 -line_width 1  /tmp/ILT_tmp_10039_93.obj   -line_width -1 -line_width -1 
ray_trace -output /tmp/ILT_tmp_10039_135.rgb -nolight -bg 'black'  -size 135 162  -ortho -view 0 0 -1 0 1 0  -eye 0 -18 183  -window_width 181   -reverse_order_colouring -under black -over white -gray -0.00196078 0.998039 /mnt/scratch/evans/riouxpie/GridShare/12/48/11/enikelski-Civet-T124811/civet_out/batman-20050408/temp/HCLab_batman-20050408_skull_mask_native_stx.mnc 0 1  /tmp/ILT_tmp_10039_94.obj  -delete_volume 0  -line_width 1 -line_width 1  /tmp/ILT_tmp_10039_95.obj   -line_width -1 -line_width -1 
place_images /ltmp/riouxpie/create_verify_image_10039/HCLab_batman-20050408_verify.rgb 'black'  -size 1161 874  /tmp/ILT_tmp_10039_96.rgb 1025.625 24 /tmp/ILT_tmp_10039_97.rgb 886.875 24 /tmp/ILT_tmp_10039_98.rgb 748.125 24 /tmp/ILT_tmp_10039_99.rgb 582.375 24 /tmp/ILT_tmp_10039_100.rgb 416.625 24 /tmp/ILT_tmp_10039_101.rgb 277.875 10.5 /tmp/ILT_tmp_10039_102.rgb 139.125 10.5 /tmp/ILT_tmp_10039_103.rgb 0.375 10.5 /tmp/ILT_tmp_10039_104.rgb 1025.625 196.75 /tmp/ILT_tmp_10039_105.rgb 886.875 196.75 /tmp/ILT_tmp_10039_106.rgb 748.125 196.75 /tmp/ILT_tmp_10039_107.rgb 582.375 196.75 /tmp/ILT_tmp_10039_108.rgb 416.625 196.75 /tmp/ILT_tmp_10039_109.rgb 277.875 183.25 /tmp/ILT_tmp_10039_110.rgb 139.125 183.25 /tmp/ILT_tmp_10039_111.rgb 0.375 183.25 /tmp/ILT_tmp_10039_112.rgb 1025.625 369.5 /tmp/ILT_tmp_10039_113.rgb 886.875 369.5 /tmp/ILT_tmp_10039_114.rgb 748.125 369.5 /tmp/ILT_tmp_10039_115.rgb 582.375 369.5 /tmp/ILT_tmp_10039_116.rgb 416.625 369.5 /tmp/ILT_tmp_10039_117.rgb 277.875 356 /tmp/ILT_tmp_10039_118.rgb 139.125 356 /tmp/ILT_tmp_10039_119.rgb 0.375 356 /tmp/ILT_tmp_10039_120.rgb 1025.625 542.25 /tmp/ILT_tmp_10039_121.rgb 886.875 542.25 /tmp/ILT_tmp_10039_122.rgb 748.125 542.25 /tmp/ILT_tmp_10039_123.rgb 582.375 542.25 /tmp/ILT_tmp_10039_124.rgb 416.625 542.25 /tmp/ILT_tmp_10039_125.rgb 277.875 528.75 /tmp/ILT_tmp_10039_126.rgb 139.125 528.75 /tmp/ILT_tmp_10039_127.rgb 0.375 528.75 /tmp/ILT_tmp_10039_128.rgb 1025.625 715 /tmp/ILT_tmp_10039_129.rgb 886.875 715 /tmp/ILT_tmp_10039_130.rgb 748.125 715 /tmp/ILT_tmp_10039_131.rgb 582.375 715 /tmp/ILT_tmp_10039_132.rgb 416.625 715 /tmp/ILT_tmp_10039_133.rgb 277.875 701.5 /tmp/ILT_tmp_10039_134.rgb 139.125 701.5 /tmp/ILT_tmp_10039_135.rgb 0.375 701.5
[create_verify_image] [riouxpie@cs088:/mnt/scratch/evans/riouxpie/GridShare/12/48/11/enikelski-Civet-T124811] [2011-12-27 20:24:21] /home/riouxpie/tools/CIVET/Feb-2010-a/bin/convert /ltmp/riouxpie/create_verify_image_10039/HCLab_batman-20050408_verify.rgb /mnt/scratch/evans/riouxpie/GridShare/12/48/11/enikelski-Civet-T124811/civet_out/batman-20050408/verify/HCLab_batman-20050408_verify.png
/home/riouxpie/tools/CIVET/Feb-2010-a/bin/convert: /home/riouxpie/tools/CIVET/Feb-2010-a/lib/libxml2.so.2: no version information available (required by /home/riouxpie/tools/CIVET/Feb-2010-a/lib/libMagickCore.so.4)
[create_verify_image] [riouxpie@cs088:/mnt/scratch/evans/riouxpie/GridShare/12/48/11/enikelski-Civet-T124811] [2011-12-27 20:24:21] /home/riouxpie/tools/CIVET/Feb-2010-a/bin/mogrify -stroke green -pointsize 16 -font Helvetica -annotate 0x0+10.375+10.5 "@/mnt/scratch/evans/riouxpie/GridShare/12/48/11/enikelski-Civet-T124811/civet_out/batman-20050408/verify/HCLab_batman-20050408_brainmask_qc.txt" -annotate 0x0+10.375+183.25 "t1 final image HCLab_batman-20050408_t1_final.mnc (native at  1.00 x  1.00 x  1.00 mm)" -annotate 0x0+10.375+356 "t1 non-linear registration to icbm_avg_152_t1_tal_nlin_symmetric_VI" -annotate 0x0+10.375+528.75 "@/mnt/scratch/evans/riouxpie/GridShare/12/48/11/enikelski-Civet-T124811/civet_out/batman-20050408/verify/HCLab_batman-20050408_classify_qc.txt" -annotate 0x0+10.375+701.5 "@/mnt/scratch/evans/riouxpie/GridShare/12/48/11/enikelski-Civet-T124811/civet_out/batman-20050408/verify/HCLab_batman-20050408_surface_qc.txt" /mnt/scratch/evans/riouxpie/GridShare/12/48/11/enikelski-Civet-T124811/civet_out/batman-20050408/verify/HCLab_batman-20050408_verify.png
/home/riouxpie/tools/CIVET/Feb-2010-a/bin/mogrify: /home/riouxpie/tools/CIVET/Feb-2010-a/lib/libxml2.so.2: no version information available (required by /home/riouxpie/tools/CIVET/Feb-2010-a/lib/libMagickCore.so.4)
Elapsed time in create_verify_image (10039) and children:
22.91 sec (user) + 2.03 sec (system) = 24.94 sec (total)
